2026-05-13T23:59:51.499+0800	INFO	server/main.go:54	数据库表初始化完成
2026-05-13T23:59:51.500+0800	INFO	server/main.go:59	服务启动于 :8080
2026-05-14T00:01:40.272+0800	INFO	server/main.go:54	数据库表初始化完成
2026-05-14T00:01:40.282+0800	INFO	server/main.go:59	服务启动于 :8080
2026-05-14T00:02:20.959+0800	INFO	server/main.go:54	数据库表初始化完成
2026-05-14T00:02:20.969+0800	INFO	server/main.go:59	服务启动于 :8080
2026-05-14T00:10:33.681+0800	INFO	server/main.go:54	数据库表初始化完成
2026-05-14T00:10:33.695+0800	INFO	server/main.go:59	服务启动于 :8080
2026-05-14T00:11:35.046+0800	INFO	server/main.go:54	数据库表初始化完成
2026-05-14T00:11:35.056+0800	INFO	server/main.go:59	服务启动于 :8080
2026-05-14T00:11:49.566+0800	INFO	server/main.go:54	数据库表初始化完成
2026-05-14T00:11:49.576+0800	INFO	server/main.go:59	服务启动于 :8080
2026-05-14T00:12:46.983+0800	INFO	server/main.go:54	数据库表初始化完成
2026-05-14T00:12:46.993+0800	INFO	server/main.go:59	服务启动于 :8080
2026-05-14T00:13:54.779+0800	INFO	server/main.go:54	数据库表初始化完成
2026-05-14T00:13:54.789+0800	INFO	server/main.go:59	服务启动于 :8080
2026-05-14T00:14:26.974+0800	INFO	server/main.go:54	数据库表初始化完成
2026-05-14T00:14:26.985+0800	INFO	server/main.go:59	服务启动于 :8080
2026-05-14T00:15:33.428+0800	INFO	server/main.go:54	数据库表初始化完成
2026-05-14T00:15:33.439+0800	INFO	server/main.go:59	服务启动于 :8080
2026-05-14T00:15:33.440+0800	FATAL	server/main.go:61	服务启动失败: listen tcp :8080: bind: Only one usage of each socket address (protocol/network address/port) is normally permitted.
2026-05-14T00:15:49.695+0800	INFO	server/main.go:54	数据库表初始化完成
2026-05-14T00:15:49.705+0800	INFO	server/main.go:59	服务启动于 :8080
2026-05-14T00:15:49.706+0800	FATAL	server/main.go:61	服务启动失败: listen tcp :8080: bind: Only one usage of each socket address (protocol/network address/port) is normally permitted.
2026-05-14T00:21:01.292+0800	INFO	server/main.go:54	数据库表初始化完成
2026-05-14T00:21:01.302+0800	INFO	server/main.go:59	服务启动于 :8080
2026-05-14T00:23:30.194+0800	INFO	server/main.go:54	数据库表初始化完成
2026-05-14T00:23:30.204+0800	INFO	server/main.go:59	服务启动于 :8080
2026-05-14T00:25:29.319+0800	INFO	server/main.go:54	数据库表初始化完成
2026-05-14T00:25:29.330+0800	INFO	server/main.go:59	服务启动于 :8080
2026-05-14T00:27:55.575+0800	INFO	server/main.go:54	数据库表初始化完成
2026-05-14T00:27:55.585+0800	INFO	server/main.go:59	服务启动于 :8080
2026-05-14T00:28:46.975+0800	INFO	server/main.go:54	数据库表初始化完成
2026-05-14T00:28:46.987+0800	INFO	server/main.go:59	服务启动于 :8080
2026-05-14T00:33:36.340+0800	INFO	server/main.go:54	数据库表初始化完成
2026-05-14T00:33:36.356+0800	INFO	server/main.go:59	服务启动于 :8080
2026-05-14T00:41:38.817+0800	INFO	server/main.go:54	数据库表初始化完成
2026-05-14T00:41:38.829+0800	INFO	server/main.go:59	服务启动于 :8080
2026-05-14T00:59:36.586+0800	INFO	server/main.go:54	数据库表初始化完成
2026-05-14T00:59:36.596+0800	INFO	server/main.go:59	服务启动于 :8080
2026-05-14T01:09:17.857+0800	INFO	server/main.go:54	数据库表初始化完成
2026-05-14T01:09:17.868+0800	INFO	server/main.go:59	服务启动于 :8080
2026-05-14T01:16:52.831+0800	INFO	server/main.go:54	数据库表初始化完成
2026-05-14T01:16:52.841+0800	INFO	server/main.go:59	服务启动于 :8080
2026-05-14T01:27:09.478+0800	INFO	server/main.go:54	数据库表初始化完成
2026-05-14T01:27:09.489+0800	INFO	server/main.go:59	服务启动于 :8080
2026-05-14T01:35:51.518+0800	INFO	server/main.go:54	数据库表初始化完成
2026-05-14T01:35:51.529+0800	INFO	server/main.go:59	服务启动于 :8080
2026-05-14T01:52:04.153+0800	INFO	server/main.go:54	数据库表初始化完成
2026-05-14T01:52:04.164+0800	INFO	server/main.go:59	服务启动于 :8080
2026-05-14T02:03:46.995+0800	INFO	server/main.go:54	数据库表初始化完成
2026-05-14T02:03:47.005+0800	INFO	server/main.go:59	服务启动于 :8080
2026-05-14T02:05:48.107+0800	INFO	server/main.go:54	数据库表初始化完成
2026-05-14T02:05:48.117+0800	INFO	server/main.go:59	服务启动于 :8080
2026-05-14T02:06:08.007+0800	INFO	server/main.go:54	数据库表初始化完成
2026-05-14T02:06:08.017+0800	INFO	server/main.go:59	服务启动于 :8080
2026-05-14T02:06:08.018+0800	FATAL	server/main.go:61	服务启动失败: listen tcp :8080: bind: Only one usage of each socket address (protocol/network address/port) is normally permitted.
2026-05-14T02:49:59.351+0800	INFO	server/main.go:55	数据库表初始化完成
2026-05-14T02:49:59.352+0800	INFO	server/main.go:60	服务启动于 :8080
2026-05-14T02:57:55.358+0800	INFO	server/main.go:55	数据库表初始化完成
2026-05-14T02:57:55.359+0800	INFO	server/main.go:60	服务启动于 :8080
2026-05-14T03:03:05.525+0800	INFO	server/main.go:55	数据库表初始化完成
2026-05-14T03:03:05.535+0800	INFO	server/main.go:60	服务启动于 :8080
2026-05-14T09:26:43.195+0800	INFO	server/main.go:55	数据库表初始化完成
2026-05-14T09:26:43.206+0800	INFO	server/main.go:60	服务启动于 :8080
2026-05-14T10:09:23.874+0800	FATAL	server/main.go:36	连接数据库失败: dial tcp 10.10.10.2:9243: connectex: A connection attempt failed because the connected party did not properly respond after a period of time, or established connection failed because connected host has failed to respond.
2026-05-14T10:19:30.820+0800	FATAL	server/main.go:36	连接数据库失败: dial tcp 10.10.10.2:9243: connectex: A connection attempt failed because the connected party did not properly respond after a period of time, or established connection failed because connected host has failed to respond.
2026-05-14T10:24:31.817+0800	FATAL	server/main.go:36	连接数据库失败: dial tcp 10.10.10.2:9243: connectex: A connection attempt failed because the connected party did not properly respond after a period of time, or established connection failed because connected host has failed to respond.
2026-05-14T10:27:03.955+0800	INFO	server/main.go:55	数据库表初始化完成
2026-05-14T10:27:03.958+0800	INFO	server/main.go:60	服务启动于 :8080
2026-05-14T10:57:00.185+0800	INFO	server/main.go:55	数据库表初始化完成
2026-05-14T10:57:00.186+0800	INFO	server/main.go:60	服务启动于 :8080
2026-05-14T10:58:14.383+0800	INFO	server/main.go:55	数据库表初始化完成
2026-05-14T10:58:14.386+0800	INFO	server/main.go:60	服务启动于 :8080
2026-05-14T11:13:24.898+0800	INFO	server/main.go:55	数据库表初始化完成
2026-05-14T11:13:24.902+0800	INFO	server/main.go:60	服务启动于 :8080
2026-05-14T11:27:29.796+0800	FATAL	server/main.go:52	自动建表失败: Error 1452 (23000): Cannot add or update a child row: a foreign key constraint fails (`service_manage`.`#sql-1_74f`, CONSTRAINT `fk_egress_methods_egress_service` FOREIGN KEY (`egress_service_id`) REFERENCES `docker_services` (`id`))
2026-05-14T11:28:02.965+0800	FATAL	server/main.go:52	自动建表失败: Error 1452 (23000): Cannot add or update a child row: a foreign key constraint fails (`service_manage`.`#sql-1_78a`, CONSTRAINT `fk_egress_methods_egress_service` FOREIGN KEY (`egress_service_id`) REFERENCES `docker_services` (`id`))
2026-05-14T14:16:23.824+0800	INFO	server/main.go:55	数据库表初始化完成
2026-05-14T14:16:23.828+0800	INFO	server/main.go:60	服务启动于 :8080
2026-05-14T14:25:48.242+0800	INFO	server/main.go:55	数据库表初始化完成
2026-05-14T14:25:48.246+0800	INFO	server/main.go:60	服务启动于 :8080
2026-05-14T15:13:21.809+0800	INFO	server/main.go:55	数据库表初始化完成
2026-05-14T15:13:21.812+0800	INFO	server/main.go:60	服务启动于 :8080
2026-05-14T15:32:08.488+0800	INFO	server/main.go:55	数据库表初始化完成
2026-05-14T15:32:08.491+0800	INFO	server/main.go:60	服务启动于 :8080
2026-05-14T15:37:38.462+0800	INFO	server/main.go:55	数据库表初始化完成
2026-05-14T15:37:38.471+0800	INFO	server/main.go:60	服务启动于 :8080
2026-05-14T16:00:54.082+0800	INFO	server/main.go:55	数据库表初始化完成
2026-05-14T16:00:54.084+0800	INFO	server/main.go:60	服务启动于 :8080
