2026-05-14T03:03:05.525+0800	INFO	server/main.go:55	数据库表初始化完成
[GIN-debug] [WARNING] Creating an Engine instance with the Logger and Recovery middleware already attached.

[GIN-debug] [WARNING] Running in "debug" mode. Switch to "release" mode in production.
 - using env:	export GIN_MODE=release
 - using code:	gin.SetMode(gin.ReleaseMode)

[GIN-debug] GET    /api/overview             --> service-manage/handler.(*MachineHandler).Overview-fm (4 handlers)
[GIN-debug] GET    /api/machines             --> service-manage/handler.(*MachineHandler).List-fm (4 handlers)
[GIN-debug] GET    /api/machines/:id         --> service-manage/handler.(*MachineHandler).Get-fm (4 handlers)
[GIN-debug] POST   /api/machines             --> service-manage/handler.(*MachineHandler).Create-fm (4 handlers)
[GIN-debug] PUT    /api/machines/:id         --> service-manage/handler.(*MachineHandler).Update-fm (4 handlers)
[GIN-debug] DELETE /api/machines/:id         --> service-manage/handler.(*MachineHandler).Delete-fm (4 handlers)
[GIN-debug] POST   /api/machines/:id/check-ssh --> service-manage/handler.(*MachineHandler).CheckSSH-fm (4 handlers)
[GIN-debug] POST   /api/machines/:id/discover-services --> service-manage/handler.(*MachineHandler).DiscoverServices-fm (4 handlers)
[GIN-debug] GET    /api/docker-services      --> service-manage/handler.(*DockerServiceHandler).List-fm (4 handlers)
[GIN-debug] POST   /api/docker-services      --> service-manage/handler.(*DockerServiceHandler).Create-fm (4 handlers)
[GIN-debug] PUT    /api/docker-services/:id  --> service-manage/handler.(*DockerServiceHandler).Update-fm (4 handlers)
[GIN-debug] DELETE /api/docker-services/:id  --> service-manage/handler.(*DockerServiceHandler).Delete-fm (4 handlers)
[GIN-debug] POST   /api/docker-services/:id/check --> service-manage/handler.(*DockerServiceHandler).Check-fm (4 handlers)
[GIN-debug] GET    /api/other-services       --> service-manage/handler.(*OtherServiceHandler).List-fm (4 handlers)
[GIN-debug] POST   /api/other-services       --> service-manage/handler.(*OtherServiceHandler).Create-fm (4 handlers)
[GIN-debug] PUT    /api/other-services/:id   --> service-manage/handler.(*OtherServiceHandler).Update-fm (4 handlers)
[GIN-debug] DELETE /api/other-services/:id   --> service-manage/handler.(*OtherServiceHandler).Delete-fm (4 handlers)
[GIN-debug] GET    /api/egress-methods       --> service-manage/handler.(*EgressMethodHandler).List-fm (4 handlers)
[GIN-debug] POST   /api/egress-methods       --> service-manage/handler.(*EgressMethodHandler).Create-fm (4 handlers)
[GIN-debug] PUT    /api/egress-methods/:id   --> service-manage/handler.(*EgressMethodHandler).Update-fm (4 handlers)
[GIN-debug] DELETE /api/egress-methods/:id   --> service-manage/handler.(*EgressMethodHandler).Delete-fm (4 handlers)
2026-05-14T03:03:05.535+0800	INFO	server/main.go:60	服务启动于 :8080
[GIN-debug] [WARNING] You trusted all proxies, this is NOT safe. We recommend you to set a value.
Please check https://pkg.go.dev/github.com/gin-gonic/gin#readme-don-t-trust-all-proxies for details.
[GIN-debug] Listening and serving HTTP on :8080
[GIN] 2026/05/14 - 03:03:30 | 200 |      7.0713ms |             ::1 | GET      "/api/other-services?page=1&pageSize=10&keyword=&machineId=&status="
[GIN] 2026/05/14 - 03:03:30 | 200 |     18.8195ms |             ::1 | GET      "/api/machines?page=1&pageSize=200"
[GIN] 2026/05/14 - 03:03:31 | 200 |      5.6499ms |             ::1 | GET      "/api/other-services?page=1&pageSize=10&keyword=&machineId=&status="
[GIN] 2026/05/14 - 03:03:31 | 200 |     18.3366ms |             ::1 | GET      "/api/machines?page=1&pageSize=200"
[GIN] 2026/05/14 - 03:03:31 | 200 |      21.177ms |             ::1 | GET      "/api/machines?page=1&pageSize=200"
[GIN] 2026/05/14 - 03:03:31 | 200 |     30.7468ms |             ::1 | GET      "/api/docker-services?page=1&pageSize=10&keyword=&machineId=&status="
[GIN] 2026/05/14 - 03:03:33 | 200 |     28.5075ms |             ::1 | GET      "/api/docker-services?page=1&pageSize=10&keyword=&machineId=&status="
[GIN] 2026/05/14 - 03:03:37 | 200 |     26.9738ms |             ::1 | GET      "/api/docker-services?page=1&pageSize=10&keyword=&machineId=&status="
[GIN] 2026/05/14 - 03:03:38 | 200 |     17.3299ms |             ::1 | GET      "/api/machines?page=1&pageSize=200"
[GIN] 2026/05/14 - 03:03:38 | 200 |     25.3445ms |             ::1 | GET      "/api/docker-services?page=1&pageSize=10&keyword=&machineId=&status="
[GIN] 2026/05/14 - 03:03:48 | 200 |     20.0362ms |             ::1 | GET      "/api/machines?page=1&pageSize=10&keyword=&machineType=&status="
[GIN] 2026/05/14 - 03:03:52 | 200 |      7.3401ms |             ::1 | GET      "/api/other-services?page=1&pageSize=10&keyword=&machineId=&status="
[GIN] 2026/05/14 - 03:03:52 | 200 |     18.3154ms |             ::1 | GET      "/api/machines?page=1&pageSize=200"
[GIN] 2026/05/14 - 03:03:52 | 200 |      6.6272ms |             ::1 | GET      "/api/egress-methods?page=1&pageSize=10&serviceId=&methodType=&status="
[GIN] 2026/05/14 - 03:03:52 | 200 |     27.8254ms |             ::1 | GET      "/api/docker-services?page=1&pageSize=200"
[GIN] 2026/05/14 - 03:03:52 | 200 |      6.7403ms |             ::1 | GET      "/api/other-services?page=1&pageSize=10&keyword=&machineId=&status="
[GIN] 2026/05/14 - 03:03:52 | 200 |     18.8284ms |             ::1 | GET      "/api/machines?page=1&pageSize=200"
[GIN] 2026/05/14 - 03:03:53 | 200 |      6.8534ms |             ::1 | GET      "/api/egress-methods?page=1&pageSize=10&serviceId=&methodType=&status="
[GIN] 2026/05/14 - 03:03:53 | 200 |     27.2487ms |             ::1 | GET      "/api/docker-services?page=1&pageSize=200"
[GIN] 2026/05/14 - 03:03:58 | 200 |      3.5827ms |             ::1 | GET      "/api/other-services?page=1&pageSize=10&keyword=&machineId=&status="
[GIN] 2026/05/14 - 03:03:58 | 200 |     10.3408ms |             ::1 | GET      "/api/machines?page=1&pageSize=200"
[GIN] 2026/05/14 - 03:04:01 | 200 |     20.2596ms |             ::1 | GET      "/api/machines?page=1&pageSize=200"
[GIN] 2026/05/14 - 03:04:01 | 200 |     29.1141ms |             ::1 | GET      "/api/docker-services?page=1&pageSize=10&keyword=&machineId=&status="
[GIN] 2026/05/14 - 03:04:01 | 200 |      6.8325ms |             ::1 | GET      "/api/other-services?page=1&pageSize=10&keyword=&machineId=&status="
[GIN] 2026/05/14 - 03:04:01 | 200 |     18.3265ms |             ::1 | GET      "/api/machines?page=1&pageSize=200"
[GIN] 2026/05/14 - 03:04:02 | 200 |     13.6609ms |             ::1 | GET      "/api/machines?page=1&pageSize=200"
[GIN] 2026/05/14 - 03:04:02 | 200 |     19.2702ms |             ::1 | GET      "/api/docker-services?page=1&pageSize=10&keyword=&machineId=&status="
[GIN] 2026/05/14 - 03:04:03 | 200 |      29.039ms |             ::1 | GET      "/api/overview"
[GIN] 2026/05/14 - 03:04:04 | 200 |     20.5448ms |             ::1 | GET      "/api/machines?page=1&pageSize=10&keyword=&machineType=&status="
[GIN] 2026/05/14 - 03:04:27 | 200 |      19.151ms |             ::1 | GET      "/api/machines?page=1&pageSize=200"
[GIN] 2026/05/14 - 03:04:27 | 200 |     27.6826ms |             ::1 | GET      "/api/docker-services?page=1&pageSize=10&keyword=&machineId=&status="
[GIN] 2026/05/14 - 03:04:30 | 200 |     17.7314ms |             ::1 | GET      "/api/machines?page=1&pageSize=10&keyword=&machineType=&status="
[GIN] 2026/05/14 - 03:04:30 | 200 |     19.4514ms |             ::1 | GET      "/api/machines?page=1&pageSize=200"
[GIN] 2026/05/14 - 03:04:30 | 200 |     28.6638ms |             ::1 | GET      "/api/docker-services?page=1&pageSize=10&keyword=&machineId=&status="
[GIN] 2026/05/14 - 03:04:33 | 200 |    924.1805ms |             ::1 | POST     "/api/docker-services/6/check"
[GIN] 2026/05/14 - 03:04:33 | 200 |     221.993ms |             ::1 | POST     "/api/docker-services/5/check"
[GIN] 2026/05/14 - 03:04:33 | 200 |    208.9913ms |             ::1 | POST     "/api/docker-services/4/check"
[GIN] 2026/05/14 - 03:04:33 | 200 |    208.9833ms |             ::1 | POST     "/api/docker-services/3/check"
[GIN] 2026/05/14 - 03:04:33 | 200 |    201.8457ms |             ::1 | POST     "/api/docker-services/2/check"
[GIN] 2026/05/14 - 03:04:34 | 200 |    388.0295ms |             ::1 | POST     "/api/docker-services/1/check"
[GIN] 2026/05/14 - 03:04:34 | 200 |     24.7367ms |             ::1 | GET      "/api/docker-services?page=1&pageSize=10&keyword=&machineId=&status="
[GIN] 2026/05/14 - 03:04:37 | 200 |     19.0328ms |             ::1 | GET      "/api/machines?page=1&pageSize=10&keyword=&machineType=&status="
[GIN] 2026/05/14 - 03:04:41 | 200 |      6.8771ms |             ::1 | GET      "/api/other-services?page=1&pageSize=10&keyword=&machineId=&status="
[GIN] 2026/05/14 - 03:04:41 | 200 |     19.8588ms |             ::1 | GET      "/api/machines?page=1&pageSize=200"
[GIN] 2026/05/14 - 03:04:42 | 200 |     19.3664ms |             ::1 | GET      "/api/machines?page=1&pageSize=200"
[GIN] 2026/05/14 - 03:04:42 | 200 |     27.6032ms |             ::1 | GET      "/api/docker-services?page=1&pageSize=10&keyword=&machineId=&status="
[GIN] 2026/05/14 - 03:04:44 | 200 |     23.6847ms |             ::1 | GET      "/api/docker-services?page=1&pageSize=10&keyword=&machineId=&status="
[GIN] 2026/05/14 - 03:04:45 | 200 |     25.6481ms |             ::1 | GET      "/api/docker-services?page=1&pageSize=10&keyword=&machineId=&status="
[GIN] 2026/05/14 - 03:05:50 | 200 |     20.0819ms |             ::1 | GET      "/api/machines?page=1&pageSize=10&keyword=&machineType=&status="
[GIN] 2026/05/14 - 03:05:51 | 200 |     17.3762ms |             ::1 | GET      "/api/machines?page=1&pageSize=200"
[GIN] 2026/05/14 - 03:05:51 | 200 |     25.7735ms |             ::1 | GET      "/api/docker-services?page=1&pageSize=10&keyword=&machineId=&status="
[GIN] 2026/05/14 - 03:05:51 | 200 |    737.6731ms |             ::1 | POST     "/api/machines/2/discover-services"
[GIN] 2026/05/14 - 03:05:52 | 200 |    778.7609ms |             ::1 | POST     "/api/machines/1/discover-services"
[GIN] 2026/05/14 - 03:05:52 | 200 |     15.6647ms |             ::1 | GET      "/api/machines?page=1&pageSize=10&keyword=&machineType=&status="
[GIN] 2026/05/14 - 03:05:54 | 200 |     26.0389ms |             ::1 | GET      "/api/docker-services?page=1&pageSize=10&keyword=&machineId=&status="
[GIN] 2026/05/14 - 03:05:55 | 200 |     24.8646ms |             ::1 | GET      "/api/docker-services?page=1&pageSize=10&keyword=&machineId=&status="
[GIN] 2026/05/14 - 03:06:28 | 200 |     17.9088ms |             ::1 | GET      "/api/machines?page=1&pageSize=10&keyword=&machineType=&status="
[GIN] 2026/05/14 - 03:06:31 | 200 |    789.1544ms |             ::1 | POST     "/api/machines/2/discover-services"
[GIN] 2026/05/14 - 03:06:31 | 200 |     16.5856ms |             ::1 | GET      "/api/machines?page=1&pageSize=200"
[GIN] 2026/05/14 - 03:06:31 | 200 |     23.1098ms |             ::1 | GET      "/api/docker-services?page=1&pageSize=10&keyword=&machineId=&status="
[GIN] 2026/05/14 - 03:06:32 | 200 |    768.0073ms |             ::1 | POST     "/api/machines/1/discover-services"
[GIN] 2026/05/14 - 03:06:32 | 200 |      15.555ms |             ::1 | GET      "/api/machines?page=1&pageSize=10&keyword=&machineType=&status="
[GIN] 2026/05/14 - 03:06:33 | 200 |     24.8904ms |             ::1 | GET      "/api/docker-services?page=1&pageSize=10&keyword=&machineId=&status="
[GIN] 2026/05/14 - 03:06:34 | 200 |     25.8624ms |             ::1 | GET      "/api/docker-services?page=1&pageSize=10&keyword=&machineId=&status="
[GIN] 2026/05/14 - 03:06:35 | 200 |     25.8618ms |             ::1 | GET      "/api/docker-services?page=1&pageSize=10&keyword=&machineId=&status="
[GIN] 2026/05/14 - 03:07:35 | 200 |     83.7832ms |             ::1 | GET      "/api/docker-services?page=1&pageSize=10&keyword=&machineId=&status="
[GIN] 2026/05/14 - 03:07:36 | 200 |     23.0963ms |             ::1 | GET      "/api/machines?page=1&pageSize=10&keyword=&machineType=&status="
[GIN] 2026/05/14 - 03:07:37 | 200 |     19.8115ms |             ::1 | GET      "/api/machines?page=1&pageSize=200"
[GIN] 2026/05/14 - 03:07:37 | 200 |     29.0702ms |             ::1 | GET      "/api/docker-services?page=1&pageSize=10&keyword=&machineId=&status="
[GIN] 2026/05/14 - 03:07:38 | 200 |    822.1774ms |             ::1 | POST     "/api/machines/2/discover-services"
[GIN] 2026/05/14 - 03:07:39 | 200 |    1.0472323s |             ::1 | POST     "/api/machines/1/discover-services"
[GIN] 2026/05/14 - 03:07:39 | 200 |     17.4153ms |             ::1 | GET      "/api/machines?page=1&pageSize=10&keyword=&machineType=&status="

2026/05/14 03:08:56 [32mC:/Users/Poke/Documents/trae_projects/PokeServiceManage/server/handler/machine.go:51 [33mSLOW SQL >= 200ms
[0m[31;1m[589.863ms] [33m[rows:1][35m SELECT count(*) FROM `machines` WHERE `machines`.`deleted_at` IS NULL[0m
[GIN] 2026/05/14 - 03:08:56 | 200 |    607.3363ms |             ::1 | GET      "/api/machines?page=1&pageSize=10&keyword=&machineType=&status="
[GIN] 2026/05/14 - 03:08:56 | 200 |     14.6961ms |             ::1 | GET      "/api/machines?page=1&pageSize=10&keyword=&machineType=&status="
[GIN] 2026/05/14 - 03:08:58 | 200 |    875.0277ms |             ::1 | POST     "/api/machines/2/discover-services"
[GIN] 2026/05/14 - 03:08:59 | 200 |    974.7983ms |             ::1 | POST     "/api/machines/1/discover-services"
[GIN] 2026/05/14 - 03:08:59 | 200 |     18.0295ms |             ::1 | GET      "/api/machines?page=1&pageSize=10&keyword=&machineType=&status="
[GIN] 2026/05/14 - 03:09:00 | 200 |     19.7835ms |             ::1 | GET      "/api/machines?page=1&pageSize=200"
[GIN] 2026/05/14 - 03:09:00 | 200 |     27.9671ms |             ::1 | GET      "/api/docker-services?page=1&pageSize=10&keyword=&machineId=&status="
[GIN] 2026/05/14 - 03:10:29 | 200 |     22.1209ms |             ::1 | GET      "/api/machines?page=1&pageSize=200"
[GIN] 2026/05/14 - 03:10:29 | 200 |     31.3629ms |             ::1 | GET      "/api/docker-services?page=1&pageSize=10&keyword=&machineId=&status="
[GIN] 2026/05/14 - 03:10:32 | 200 |     19.3999ms |             ::1 | GET      "/api/machines?page=1&pageSize=10&keyword=&machineType=&status="
[GIN] 2026/05/14 - 03:10:37 | 200 |      6.4843ms |             ::1 | GET      "/api/other-services?page=1&pageSize=10&keyword=&machineId=&status="
[GIN] 2026/05/14 - 03:10:37 | 200 |     18.6303ms |             ::1 | GET      "/api/machines?page=1&pageSize=200"
[GIN] 2026/05/14 - 03:10:44 | 200 |     54.9468ms |             ::1 | POST     "/api/other-services"
[GIN] 2026/05/14 - 03:10:44 | 200 |      8.4705ms |             ::1 | GET      "/api/other-services?page=1&pageSize=10&keyword=&machineId=&status="
[GIN] 2026/05/14 - 03:10:46 | 200 |      11.013ms |             ::1 | GET      "/api/machines?page=1&pageSize=200"
[GIN] 2026/05/14 - 03:10:46 | 200 |     15.1707ms |             ::1 | GET      "/api/docker-services?page=1&pageSize=10&keyword=&machineId=&status="
[GIN] 2026/05/14 - 03:10:48 | 200 |     10.8342ms |             ::1 | GET      "/api/other-services?page=1&pageSize=10&keyword=&machineId=&status="
[GIN] 2026/05/14 - 03:10:48 | 200 |     20.0971ms |             ::1 | GET      "/api/machines?page=1&pageSize=200"
[GIN] 2026/05/14 - 03:10:49 | 200 |      5.2074ms |             ::1 | GET      "/api/egress-methods?page=1&pageSize=10&serviceId=&methodType=&status="
[GIN] 2026/05/14 - 03:10:49 | 200 |     18.1844ms |             ::1 | GET      "/api/docker-services?page=1&pageSize=200"
[GIN] 2026/05/14 - 03:10:55 | 200 |     50.1718ms |             ::1 | POST     "/api/egress-methods"
[GIN] 2026/05/14 - 03:10:55 | 200 |     12.1047ms |             ::1 | GET      "/api/egress-methods?page=1&pageSize=10&serviceId=&methodType=&status="
[GIN] 2026/05/14 - 03:17:07 | 200 |     12.2068ms |             ::1 | GET      "/api/egress-methods?page=1&pageSize=10&serviceId=&methodType=&status="
[GIN] 2026/05/14 - 03:17:07 | 200 |     26.2362ms |             ::1 | GET      "/api/docker-services?page=1&pageSize=200"
[GIN] 2026/05/14 - 03:17:16 | 200 |     12.2089ms |             ::1 | GET      "/api/egress-methods?page=1&pageSize=10&serviceId=&methodType=&status="
[GIN] 2026/05/14 - 03:17:16 | 200 |     26.4506ms |             ::1 | GET      "/api/docker-services?page=1&pageSize=200"
[GIN] 2026/05/14 - 03:17:18 | 200 |     26.9604ms |             ::1 | GET      "/api/overview"
[GIN] 2026/05/14 - 03:17:19 | 200 |     17.6707ms |             ::1 | GET      "/api/machines?page=1&pageSize=10&keyword=&machineType=&status="
[GIN] 2026/05/14 - 03:17:20 | 200 |     18.4221ms |             ::1 | GET      "/api/machines?page=1&pageSize=200"
[GIN] 2026/05/14 - 03:17:20 | 200 |     26.0983ms |             ::1 | GET      "/api/docker-services?page=1&pageSize=10&keyword=&machineId=&status="
[GIN] 2026/05/14 - 03:17:21 | 200 |      10.052ms |             ::1 | GET      "/api/other-services?page=1&pageSize=10&keyword=&machineId=&status="
[GIN] 2026/05/14 - 03:17:21 | 200 |     19.7993ms |             ::1 | GET      "/api/machines?page=1&pageSize=200"
[GIN] 2026/05/14 - 03:17:23 | 200 |     43.0594ms |             ::1 | DELETE   "/api/other-services/1"
[GIN] 2026/05/14 - 03:17:23 | 200 |      5.5776ms |             ::1 | GET      "/api/other-services?page=1&pageSize=10&keyword=&machineId=&status="
[GIN] 2026/05/14 - 03:17:24 | 200 |     11.0634ms |             ::1 | GET      "/api/egress-methods?page=1&pageSize=10&serviceId=&methodType=&status="
[GIN] 2026/05/14 - 03:17:24 | 200 |     25.7258ms |             ::1 | GET      "/api/docker-services?page=1&pageSize=200"
[GIN] 2026/05/14 - 03:17:25 | 200 |     45.9542ms |             ::1 | DELETE   "/api/egress-methods/2"
[GIN] 2026/05/14 - 03:17:25 | 200 |       5.336ms |             ::1 | GET      "/api/egress-methods?page=1&pageSize=10&serviceId=&methodType=&status="
[GIN] 2026/05/14 - 03:17:26 | 200 |     19.7121ms |             ::1 | GET      "/api/machines?page=1&pageSize=10&keyword=&machineType=&status="
[GIN] 2026/05/14 - 03:17:26 | 200 |      20.763ms |             ::1 | GET      "/api/machines?page=1&pageSize=200"
[GIN] 2026/05/14 - 03:17:26 | 200 |     28.9272ms |             ::1 | GET      "/api/docker-services?page=1&pageSize=10&keyword=&machineId=&status="
[GIN] 2026/05/14 - 03:17:27 | 200 |     16.8395ms |             ::1 | GET      "/api/docker-services?page=1&pageSize=10&keyword=&machineId=&status="
[GIN] 2026/05/14 - 03:17:28 | 200 |    942.4568ms |             ::1 | POST     "/api/docker-services/6/check"
[GIN] 2026/05/14 - 03:17:29 | 200 |    246.0285ms |             ::1 | POST     "/api/docker-services/5/check"
[GIN] 2026/05/14 - 03:17:29 | 200 |    209.3619ms |             ::1 | POST     "/api/docker-services/4/check"
[GIN] 2026/05/14 - 03:17:29 | 200 |    214.9792ms |             ::1 | POST     "/api/docker-services/3/check"
[GIN] 2026/05/14 - 03:17:29 | 200 |    225.4275ms |             ::1 | POST     "/api/docker-services/2/check"
[GIN] 2026/05/14 - 03:17:30 | 200 |    397.3896ms |             ::1 | POST     "/api/docker-services/1/check"
[GIN] 2026/05/14 - 03:17:30 | 200 |     24.0919ms |             ::1 | GET      "/api/docker-services?page=1&pageSize=10&keyword=&machineId=&status="
[GIN] 2026/05/14 - 03:17:30 | 200 |     18.3877ms |             ::1 | GET      "/api/machines?page=1&pageSize=10&keyword=&machineType=&status="
^C2026-05-14T09:26:43.195+0800	INFO	server/main.go:55	数据库表初始化完成
[GIN-debug] [WARNING] Creating an Engine instance with the Logger and Recovery middleware already attached.

[GIN-debug] [WARNING] Running in "debug" mode. Switch to "release" mode in production.
 - using env:	export GIN_MODE=release
 - using code:	gin.SetMode(gin.ReleaseMode)

[GIN-debug] GET    /api/overview             --> service-manage/handler.(*MachineHandler).Overview-fm (4 handlers)
[GIN-debug] GET    /api/machines             --> service-manage/handler.(*MachineHandler).List-fm (4 handlers)
[GIN-debug] GET    /api/machines/:id         --> service-manage/handler.(*MachineHandler).Get-fm (4 handlers)
[GIN-debug] POST   /api/machines             --> service-manage/handler.(*MachineHandler).Create-fm (4 handlers)
[GIN-debug] PUT    /api/machines/:id         --> service-manage/handler.(*MachineHandler).Update-fm (4 handlers)
[GIN-debug] DELETE /api/machines/:id         --> service-manage/handler.(*MachineHandler).Delete-fm (4 handlers)
[GIN-debug] POST   /api/machines/:id/check-ssh --> service-manage/handler.(*MachineHandler).CheckSSH-fm (4 handlers)
[GIN-debug] POST   /api/machines/:id/discover-services --> service-manage/handler.(*MachineHandler).DiscoverServices-fm (4 handlers)
[GIN-debug] GET    /api/docker-services      --> service-manage/handler.(*DockerServiceHandler).List-fm (4 handlers)
[GIN-debug] POST   /api/docker-services      --> service-manage/handler.(*DockerServiceHandler).Create-fm (4 handlers)
[GIN-debug] PUT    /api/docker-services/:id  --> service-manage/handler.(*DockerServiceHandler).Update-fm (4 handlers)
[GIN-debug] DELETE /api/docker-services/:id  --> service-manage/handler.(*DockerServiceHandler).Delete-fm (4 handlers)
[GIN-debug] POST   /api/docker-services/:id/check --> service-manage/handler.(*DockerServiceHandler).Check-fm (4 handlers)
[GIN-debug] GET    /api/other-services       --> service-manage/handler.(*OtherServiceHandler).List-fm (4 handlers)
[GIN-debug] POST   /api/other-services       --> service-manage/handler.(*OtherServiceHandler).Create-fm (4 handlers)
[GIN-debug] PUT    /api/other-services/:id   --> service-manage/handler.(*OtherServiceHandler).Update-fm (4 handlers)
[GIN-debug] DELETE /api/other-services/:id   --> service-manage/handler.(*OtherServiceHandler).Delete-fm (4 handlers)
[GIN-debug] GET    /api/egress-methods       --> service-manage/handler.(*EgressMethodHandler).List-fm (4 handlers)
[GIN-debug] POST   /api/egress-methods       --> service-manage/handler.(*EgressMethodHandler).Create-fm (4 handlers)
[GIN-debug] PUT    /api/egress-methods/:id   --> service-manage/handler.(*EgressMethodHandler).Update-fm (4 handlers)
[GIN-debug] DELETE /api/egress-methods/:id   --> service-manage/handler.(*EgressMethodHandler).Delete-fm (4 handlers)
2026-05-14T09:26:43.206+0800	INFO	server/main.go:60	服务启动于 :8080
[GIN-debug] [WARNING] You trusted all proxies, this is NOT safe. We recommend you to set a value.
Please check https://pkg.go.dev/github.com/gin-gonic/gin#readme-don-t-trust-all-proxies for details.
[GIN-debug] Listening and serving HTTP on :8080
[GIN] 2026/05/14 - 09:27:00 | 200 |     62.7954ms |             ::1 | GET      "/api/overview"
[GIN] 2026/05/14 - 09:27:03 | 200 |     12.4897ms |             ::1 | GET      "/api/machines?page=1&pageSize=10&keyword=&machineType=&status="
[GIN] 2026/05/14 - 09:27:05 | 200 |     20.1828ms |             ::1 | GET      "/api/machines?page=1&pageSize=200"
[GIN] 2026/05/14 - 09:27:05 | 200 |     49.0493ms |             ::1 | GET      "/api/docker-services?page=1&pageSize=10&keyword=&machineId=&status="
[GIN] 2026/05/14 - 09:27:08 | 200 |     22.7123ms |             ::1 | GET      "/api/machines?page=1&pageSize=10&keyword=&machineType=&status="
[GIN] 2026/05/14 - 09:27:11 | 200 |     1.045822s |             ::1 | POST     "/api/machines/2/discover-services"
[GIN] 2026/05/14 - 09:27:12 | 200 |    1.1515116s |             ::1 | POST     "/api/machines/1/discover-services"
[GIN] 2026/05/14 - 09:27:12 | 200 |     15.9105ms |             ::1 | GET      "/api/machines?page=1&pageSize=10&keyword=&machineType=&status="
[GIN] 2026/05/14 - 09:27:14 | 200 |     15.2624ms |             ::1 | GET      "/api/machines?page=1&pageSize=200"
[GIN] 2026/05/14 - 09:27:14 | 200 |     21.6686ms |             ::1 | GET      "/api/docker-services?page=1&pageSize=10&keyword=&machineId=&status="
[GIN] 2026/05/14 - 09:27:22 | 200 |      7.0649ms |             ::1 | GET      "/api/other-services?page=1&pageSize=10&keyword=&machineId=&status="
[GIN] 2026/05/14 - 09:27:22 | 200 |     20.2018ms |             ::1 | GET      "/api/machines?page=1&pageSize=200"
[GIN] 2026/05/14 - 09:27:23 | 200 |      5.6269ms |             ::1 | GET      "/api/egress-methods?page=1&pageSize=10&serviceId=&methodType=&status="
[GIN] 2026/05/14 - 09:27:23 | 200 |     24.9436ms |             ::1 | GET      "/api/docker-services?page=1&pageSize=200"
[GIN] 2026/05/14 - 09:27:24 | 200 |     18.6672ms |             ::1 | GET      "/api/machines?page=1&pageSize=200"
[GIN] 2026/05/14 - 09:27:24 | 200 |     27.3641ms |             ::1 | GET      "/api/docker-services?page=1&pageSize=10&keyword=&machineId=&status="
[GIN] 2026/05/14 - 09:27:39 | 200 |     19.0123ms |             ::1 | GET      "/api/machines?page=1&pageSize=10&keyword=&machineType=&status="
[GIN] 2026/05/14 - 09:27:43 | 200 |     22.7061ms |             ::1 | GET      "/api/overview"
[GIN] 2026/05/14 - 09:27:47 | 200 |     17.4041ms |             ::1 | GET      "/api/machines?page=1&pageSize=10&keyword=&machineType=&status="
[GIN] 2026/05/14 - 09:27:48 | 200 |     32.1004ms |             ::1 | GET      "/api/overview"
[GIN] 2026/05/14 - 09:28:58 | 200 |     29.7303ms |             ::1 | GET      "/api/overview"
[GIN] 2026/05/14 - 09:29:01 | 200 |     29.4382ms |             ::1 | GET      "/api/overview"
[GIN] 2026/05/14 - 09:29:10 | 200 |      29.907ms |             ::1 | GET      "/api/overview"
[GIN] 2026/05/14 - 09:29:11 | 200 |     30.0907ms |             ::1 | GET      "/api/overview"
[GIN] 2026/05/14 - 09:29:20 | 200 |     17.9891ms |             ::1 | GET      "/api/overview"
[GIN] 2026/05/14 - 09:29:21 | 200 |     18.9209ms |             ::1 | GET      "/api/machines?page=1&pageSize=10&keyword=&machineType=&status="
[GIN] 2026/05/14 - 09:29:24 | 200 |     29.4411ms |             ::1 | GET      "/api/overview"
[GIN] 2026/05/14 - 09:29:25 | 200 |     18.0057ms |             ::1 | GET      "/api/machines?page=1&pageSize=10&keyword=&machineType=&status="
[GIN] 2026/05/14 - 09:33:09 | 200 |     19.5524ms |             ::1 | GET      "/api/overview"
[GIN] 2026/05/14 - 09:33:10 | 200 |     18.0563ms |             ::1 | GET      "/api/machines?page=1&pageSize=10&keyword=&machineType=&status="
[GIN] 2026/05/14 - 09:33:12 | 200 |     26.1722ms |             ::1 | GET      "/api/overview"
[GIN] 2026/05/14 - 09:33:14 | 200 |     18.3276ms |             ::1 | GET      "/api/machines?page=1&pageSize=200"
[GIN] 2026/05/14 - 09:33:14 | 200 |     26.1979ms |             ::1 | GET      "/api/docker-services?page=1&pageSize=10&keyword=&machineId=&status="
[GIN] 2026/05/14 - 09:33:25 | 200 |     19.4934ms |             ::1 | GET      "/api/machines?page=1&pageSize=10&keyword=&machineType=&status="
[GIN] 2026/05/14 - 09:33:39 | 200 |     15.9057ms |             ::1 | GET      "/api/egress-methods?page=1&pageSize=10&serviceId=&methodType=&status="
[GIN] 2026/05/14 - 09:33:39 | 200 |      33.082ms |             ::1 | GET      "/api/docker-services?page=1&pageSize=200"
[GIN] 2026/05/14 - 09:33:41 | 200 |      4.9576ms |             ::1 | GET      "/api/egress-methods?page=1&pageSize=10&serviceId=&methodType=&status="
[GIN] 2026/05/14 - 09:34:06 | 200 |     19.1766ms |             ::1 | GET      "/api/machines?page=1&pageSize=10&keyword=&machineType=&status="
[GIN] 2026/05/14 - 09:34:07 | 200 |      18.664ms |             ::1 | GET      "/api/machines?page=1&pageSize=200"
[GIN] 2026/05/14 - 09:34:07 | 200 |     27.2052ms |             ::1 | GET      "/api/docker-services?page=1&pageSize=10&keyword=&machineId=&status="
[GIN] 2026/05/14 - 09:38:45 | 200 |      16.975ms |             ::1 | GET      "/api/machines?page=1&pageSize=10&keyword=&machineType=&status="
[GIN] 2026/05/14 - 09:38:59 | 200 |    970.5363ms |             ::1 | POST     "/api/machines/2/discover-services"
[GIN] 2026/05/14 - 09:39:00 | 200 |    949.7394ms |             ::1 | POST     "/api/machines/1/discover-services"
[GIN] 2026/05/14 - 09:39:00 | 200 |     16.6329ms |             ::1 | GET      "/api/machines?page=1&pageSize=10&keyword=&machineType=&status="
[GIN] 2026/05/14 - 09:39:04 | 200 |      20.555ms |             ::1 | GET      "/api/machines?page=1&pageSize=200"
[GIN] 2026/05/14 - 09:39:04 | 200 |     29.8756ms |             ::1 | GET      "/api/docker-services?page=1&pageSize=10&keyword=&machineId=&status="
[GIN] 2026/05/14 - 09:39:04 | 200 |      6.0194ms |             ::1 | GET      "/api/other-services?page=1&pageSize=10&keyword=&machineId=&status="
[GIN] 2026/05/14 - 09:39:04 | 200 |     17.9349ms |             ::1 | GET      "/api/machines?page=1&pageSize=200"
[GIN] 2026/05/14 - 09:39:05 | 200 |     19.3017ms |             ::1 | GET      "/api/machines?page=1&pageSize=200"
[GIN] 2026/05/14 - 09:39:05 | 200 |     27.3139ms |             ::1 | GET      "/api/docker-services?page=1&pageSize=10&keyword=&machineId=&status="
[GIN] 2026/05/14 - 09:40:30 | 200 |     31.1483ms |             ::1 | GET      "/api/overview"
[GIN] 2026/05/14 - 09:40:32 | 200 |     18.2874ms |             ::1 | GET      "/api/machines?page=1&pageSize=10&keyword=&machineType=&status="
[GIN] 2026/05/14 - 09:40:39 | 200 |    1.0865337s |             ::1 | POST     "/api/machines/2/discover-services"
[GIN] 2026/05/14 - 09:40:40 | 200 |     964.754ms |             ::1 | POST     "/api/machines/1/discover-services"
[GIN] 2026/05/14 - 09:40:40 | 200 |     17.7379ms |             ::1 | GET      "/api/machines?page=1&pageSize=200"
[GIN] 2026/05/14 - 09:40:40 | 200 |     25.9755ms |             ::1 | GET      "/api/docker-services?page=1&pageSize=10&keyword=&machineId=&status="
[GIN] 2026/05/14 - 09:40:40 | 200 |     17.4217ms |             ::1 | GET      "/api/machines?page=1&pageSize=10&keyword=&machineType=&status="
[GIN] 2026/05/14 - 09:40:45 | 200 |      6.6222ms |             ::1 | GET      "/api/egress-methods?page=1&pageSize=10&serviceId=&methodType=&status="
[GIN] 2026/05/14 - 09:40:45 | 200 |     25.8915ms |             ::1 | GET      "/api/docker-services?page=1&pageSize=200"
[GIN] 2026/05/14 - 09:40:52 | 200 |     19.7182ms |             ::1 | GET      "/api/machines?page=1&pageSize=10&keyword=&machineType=&status="
[GIN] 2026/05/14 - 09:40:53 | 200 |     19.4014ms |             ::1 | GET      "/api/machines?page=1&pageSize=200"
[GIN] 2026/05/14 - 09:40:53 | 200 |     26.7531ms |             ::1 | GET      "/api/docker-services?page=1&pageSize=10&keyword=&machineId=&status="
[GIN] 2026/05/14 - 09:42:05 | 200 |     19.7143ms |             ::1 | GET      "/api/machines?page=1&pageSize=10&keyword=&machineType=&status="
[GIN] 2026/05/14 - 09:42:06 | 200 |     12.4553ms |             ::1 | GET      "/api/machines?page=1&pageSize=200"
[GIN] 2026/05/14 - 09:42:06 | 200 |     17.4017ms |             ::1 | GET      "/api/docker-services?page=1&pageSize=10&keyword=&machineId=&status="

2026/05/14 10:09:23 [35mD:/GraduationProject/PokeServiceManage/server/main.go:34
[0m[31m[error] [0mfailed to initialize database, got error dial tcp 10.10.10.2:9243: connectex: A connection attempt failed because the connected party did not properly respond after a period of time, or established connection failed because connected host has failed to respond.
2026-05-14T10:09:23.874+0800	FATAL	server/main.go:36	连接数据库失败: dial tcp 10.10.10.2:9243: connectex: A connection attempt failed because the connected party did not properly respond after a period of time, or established connection failed because connected host has failed to respond.
^C
2026/05/14 10:56:34 [32mD:/GraduationProject/PokeServiceManage/server/main.go:46 [33mSLOW SQL >= 200ms
[0m[31;1m[435.698ms] [33m[rows:-][35m SELECT DATABASE()[0m

2026/05/14 10:56:35 [32mD:/GraduationProject/PokeServiceManage/server/main.go:46 [33mSLOW SQL >= 200ms
[0m[31;1m[360.447ms] [33m[rows:1][35m SELECT SCHEMA_NAME from Information_schema.SCHEMATA where SCHEMA_NAME LIKE 'service_manage%' ORDER BY SCHEMA_NAME='service_manage' DESC,SCHEMA_NAME limit 1[0m

2026/05/14 10:56:36 [32mD:/GraduationProject/PokeServiceManage/server/main.go:46 [33mSLOW SQL >= 200ms
[0m[31;1m[668.165ms] [33m[rows:-][35m SELECT count(*) FROM information_schema.tables WHERE table_schema = 'service_manage' AND table_name = 'machines' AND table_type = 'BASE TABLE'[0m

2026/05/14 10:56:36 [32mD:/GraduationProject/PokeServiceManage/server/main.go:46 [33mSLOW SQL >= 200ms
[0m[31;1m[277.564ms] [33m[rows:-][35m SELECT DATABASE()[0m

2026/05/14 10:56:37 [32mD:/GraduationProject/PokeServiceManage/server/main.go:46 [33mSLOW SQL >= 200ms
[0m[31;1m[1102.004ms] [33m[rows:1][35m SELECT SCHEMA_NAME from Information_schema.SCHEMATA where SCHEMA_NAME LIKE 'service_manage%' ORDER BY SCHEMA_NAME='service_manage' DESC,SCHEMA_NAME limit 1[0m

2026/05/14 10:56:39 [32mD:/GraduationProject/PokeServiceManage/server/main.go:46 [33mSLOW SQL >= 200ms
[0m[31;1m[1864.888ms] [33m[rows:-][35m SELECT * FROM `machines` LIMIT 1[0m

2026/05/14 10:56:39 [32mD:/GraduationProject/PokeServiceManage/server/main.go:46 [33mSLOW SQL >= 200ms
[0m[31;1m[615.080ms] [33m[rows:-][35m SELECT column_name, column_default, is_nullable = 'YES', data_type, character_maximum_length, column_type, column_key, extra, column_comment, numeric_precision, numeric_scale , datetime_precision FROM information_schema.columns WHERE table_schema = 'service_manage' AND table_name = 'machines' ORDER BY ORDINAL_POSITION[0m

2026/05/14 10:56:40 [32mD:/GraduationProject/PokeServiceManage/server/main.go:46 [33mSLOW SQL >= 200ms
[0m[31;1m[280.276ms] [33m[rows:-][35m SELECT DATABASE()[0m

2026/05/14 10:56:40 [32mD:/GraduationProject/PokeServiceManage/server/main.go:46 [33mSLOW SQL >= 200ms
[0m[31;1m[417.928ms] [33m[rows:1][35m SELECT SCHEMA_NAME from Information_schema.SCHEMATA where SCHEMA_NAME LIKE 'service_manage%' ORDER BY SCHEMA_NAME='service_manage' DESC,SCHEMA_NAME limit 1[0m

2026/05/14 10:56:41 [32mD:/GraduationProject/PokeServiceManage/server/main.go:46 [33mSLOW SQL >= 200ms
[0m[31;1m[426.169ms] [33m[rows:-][35m SELECT count(*) FROM information_schema.statistics WHERE table_schema = 'service_manage' AND table_name = 'machines' AND index_name = 'idx_machines_deleted_at'[0m

2026/05/14 10:56:41 [32mD:/GraduationProject/PokeServiceManage/server/main.go:46 [33mSLOW SQL >= 200ms
[0m[31;1m[312.109ms] [33m[rows:-][35m SELECT DATABASE()[0m

2026/05/14 10:56:41 [32mD:/GraduationProject/PokeServiceManage/server/main.go:46 [33mSLOW SQL >= 200ms
[0m[31;1m[458.740ms] [33m[rows:1][35m SELECT SCHEMA_NAME from Information_schema.SCHEMATA where SCHEMA_NAME LIKE 'service_manage%' ORDER BY SCHEMA_NAME='service_manage' DESC,SCHEMA_NAME limit 1[0m

2026/05/14 10:56:42 [32mD:/GraduationProject/PokeServiceManage/server/main.go:46 [33mSLOW SQL >= 200ms
[0m[31;1m[347.983ms] [33m[rows:-][35m SELECT count(*) FROM information_schema.statistics WHERE table_schema = 'service_manage' AND table_name = 'machines' AND index_name = 'idx_machines_name'[0m

2026/05/14 10:56:42 [32mD:/GraduationProject/PokeServiceManage/server/main.go:46 [33mSLOW SQL >= 200ms
[0m[31;1m[400.167ms] [33m[rows:-][35m SELECT DATABASE()[0m

2026/05/14 10:56:42 [32mD:/GraduationProject/PokeServiceManage/server/main.go:46 [33mSLOW SQL >= 200ms
[0m[31;1m[422.357ms] [33m[rows:1][35m SELECT SCHEMA_NAME from Information_schema.SCHEMATA where SCHEMA_NAME LIKE 'service_manage%' ORDER BY SCHEMA_NAME='service_manage' DESC,SCHEMA_NAME limit 1[0m

2026/05/14 10:56:43 [32mD:/GraduationProject/PokeServiceManage/server/main.go:46 [33mSLOW SQL >= 200ms
[0m[31;1m[319.229ms] [33m[rows:-][35m SELECT count(*) FROM information_schema.tables WHERE table_schema = 'service_manage' AND table_name = 'docker_services' AND table_type = 'BASE TABLE'[0m

2026/05/14 10:56:43 [32mD:/GraduationProject/PokeServiceManage/server/main.go:46 [33mSLOW SQL >= 200ms
[0m[31;1m[385.351ms] [33m[rows:-][35m SELECT DATABASE()[0m

2026/05/14 10:56:44 [32mD:/GraduationProject/PokeServiceManage/server/main.go:46 [33mSLOW SQL >= 200ms
[0m[31;1m[430.944ms] [33m[rows:1][35m SELECT SCHEMA_NAME from Information_schema.SCHEMATA where SCHEMA_NAME LIKE 'service_manage%' ORDER BY SCHEMA_NAME='service_manage' DESC,SCHEMA_NAME limit 1[0m

2026/05/14 10:56:44 [32mD:/GraduationProject/PokeServiceManage/server/main.go:46 [33mSLOW SQL >= 200ms
[0m[31;1m[207.761ms] [33m[rows:-][35m SELECT * FROM `docker_services` LIMIT 1[0m

2026/05/14 10:56:44 [32mD:/GraduationProject/PokeServiceManage/server/main.go:46 [33mSLOW SQL >= 200ms
[0m[31;1m[314.374ms] [33m[rows:-][35m SELECT column_name, column_default, is_nullable = 'YES', data_type, character_maximum_length, column_type, column_key, extra, column_comment, numeric_precision, numeric_scale , datetime_precision FROM information_schema.columns WHERE table_schema = 'service_manage' AND table_name = 'docker_services' ORDER BY ORDINAL_POSITION[0m

2026/05/14 10:56:44 [32mD:/GraduationProject/PokeServiceManage/server/main.go:46 [33mSLOW SQL >= 200ms
[0m[31;1m[333.988ms] [33m[rows:0][35m ALTER TABLE `docker_services` MODIFY COLUMN `locked` boolean DEFAULT false[0m

2026/05/14 10:56:45 [32mD:/GraduationProject/PokeServiceManage/server/main.go:46 [33mSLOW SQL >= 200ms
[0m[31;1m[246.101ms] [33m[rows:-][35m SELECT DATABASE()[0m

2026/05/14 10:56:45 [32mD:/GraduationProject/PokeServiceManage/server/main.go:46 [33mSLOW SQL >= 200ms
[0m[31;1m[367.875ms] [33m[rows:1][35m SELECT SCHEMA_NAME from Information_schema.SCHEMATA where SCHEMA_NAME LIKE 'service_manage%' ORDER BY SCHEMA_NAME='service_manage' DESC,SCHEMA_NAME limit 1[0m

2026/05/14 10:56:46 [32mD:/GraduationProject/PokeServiceManage/server/main.go:46 [33mSLOW SQL >= 200ms
[0m[31;1m[580.999ms] [33m[rows:-][35m SELECT count(*) FROM INFORMATION_SCHEMA.table_constraints WHERE constraint_schema = 'service_manage' AND table_name = 'docker_services' AND constraint_name = 'fk_docker_services_machine'[0m

2026/05/14 10:56:46 [32mD:/GraduationProject/PokeServiceManage/server/main.go:46 [33mSLOW SQL >= 200ms
[0m[31;1m[228.476ms] [33m[rows:-][35m SELECT DATABASE()[0m

2026/05/14 10:56:46 [32mD:/GraduationProject/PokeServiceManage/server/main.go:46 [33mSLOW SQL >= 200ms
[0m[31;1m[342.507ms] [33m[rows:1][35m SELECT SCHEMA_NAME from Information_schema.SCHEMATA where SCHEMA_NAME LIKE 'service_manage%' ORDER BY SCHEMA_NAME='service_manage' DESC,SCHEMA_NAME limit 1[0m

2026/05/14 10:56:46 [32mD:/GraduationProject/PokeServiceManage/server/main.go:46 [33mSLOW SQL >= 200ms
[0m[31;1m[239.125ms] [33m[rows:-][35m SELECT count(*) FROM information_schema.statistics WHERE table_schema = 'service_manage' AND table_name = 'docker_services' AND index_name = 'idx_docker_services_machine_id'[0m

2026/05/14 10:56:47 [32mD:/GraduationProject/PokeServiceManage/server/main.go:46 [33mSLOW SQL >= 200ms
[0m[31;1m[249.564ms] [33m[rows:-][35m SELECT DATABASE()[0m

2026/05/14 10:56:47 [32mD:/GraduationProject/PokeServiceManage/server/main.go:46 [33mSLOW SQL >= 200ms
[0m[31;1m[468.279ms] [33m[rows:1][35m SELECT SCHEMA_NAME from Information_schema.SCHEMATA where SCHEMA_NAME LIKE 'service_manage%' ORDER BY SCHEMA_NAME='service_manage' DESC,SCHEMA_NAME limit 1[0m

2026/05/14 10:56:48 [32mD:/GraduationProject/PokeServiceManage/server/main.go:46 [33mSLOW SQL >= 200ms
[0m[31;1m[498.400ms] [33m[rows:-][35m SELECT count(*) FROM information_schema.statistics WHERE table_schema = 'service_manage' AND table_name = 'docker_services' AND index_name = 'idx_docker_services_deleted_at'[0m

2026/05/14 10:56:48 [32mD:/GraduationProject/PokeServiceManage/server/main.go:46 [33mSLOW SQL >= 200ms
[0m[31;1m[292.053ms] [33m[rows:-][35m SELECT DATABASE()[0m

2026/05/14 10:56:48 [32mD:/GraduationProject/PokeServiceManage/server/main.go:46 [33mSLOW SQL >= 200ms
[0m[31;1m[233.773ms] [33m[rows:1][35m SELECT SCHEMA_NAME from Information_schema.SCHEMATA where SCHEMA_NAME LIKE 'service_manage%' ORDER BY SCHEMA_NAME='service_manage' DESC,SCHEMA_NAME limit 1[0m

2026/05/14 10:56:49 [32mD:/GraduationProject/PokeServiceManage/server/main.go:46 [33mSLOW SQL >= 200ms
[0m[31;1m[313.902ms] [33m[rows:-][35m SELECT count(*) FROM information_schema.tables WHERE table_schema = 'service_manage' AND table_name = 'other_services' AND table_type = 'BASE TABLE'[0m

2026/05/14 10:56:49 [32mD:/GraduationProject/PokeServiceManage/server/main.go:46 [33mSLOW SQL >= 200ms
[0m[31;1m[287.207ms] [33m[rows:-][35m SELECT DATABASE()[0m

2026/05/14 10:56:49 [32mD:/GraduationProject/PokeServiceManage/server/main.go:46 [33mSLOW SQL >= 200ms
[0m[31;1m[390.416ms] [33m[rows:1][35m SELECT SCHEMA_NAME from Information_schema.SCHEMATA where SCHEMA_NAME LIKE 'service_manage%' ORDER BY SCHEMA_NAME='service_manage' DESC,SCHEMA_NAME limit 1[0m

2026/05/14 10:56:49 [32mD:/GraduationProject/PokeServiceManage/server/main.go:46 [33mSLOW SQL >= 200ms
[0m[31;1m[230.984ms] [33m[rows:-][35m SELECT * FROM `other_services` LIMIT 1[0m

2026/05/14 10:56:50 [32mD:/GraduationProject/PokeServiceManage/server/main.go:46 [33mSLOW SQL >= 200ms
[0m[31;1m[271.818ms] [33m[rows:-][35m SELECT column_name, column_default, is_nullable = 'YES', data_type, character_maximum_length, column_type, column_key, extra, column_comment, numeric_precision, numeric_scale , datetime_precision FROM information_schema.columns WHERE table_schema = 'service_manage' AND table_name = 'other_services' ORDER BY ORDINAL_POSITION[0m

2026/05/14 10:56:50 [32mD:/GraduationProject/PokeServiceManage/server/main.go:46 [33mSLOW SQL >= 200ms
[0m[31;1m[219.357ms] [33m[rows:-][35m SELECT DATABASE()[0m

2026/05/14 10:56:51 [32mD:/GraduationProject/PokeServiceManage/server/main.go:46 [33mSLOW SQL >= 200ms
[0m[31;1m[610.932ms] [33m[rows:1][35m SELECT SCHEMA_NAME from Information_schema.SCHEMATA where SCHEMA_NAME LIKE 'service_manage%' ORDER BY SCHEMA_NAME='service_manage' DESC,SCHEMA_NAME limit 1[0m

2026/05/14 10:56:51 [32mD:/GraduationProject/PokeServiceManage/server/main.go:46 [33mSLOW SQL >= 200ms
[0m[31;1m[293.893ms] [33m[rows:-][35m SELECT count(*) FROM INFORMATION_SCHEMA.table_constraints WHERE constraint_schema = 'service_manage' AND table_name = 'other_services' AND constraint_name = 'fk_other_services_machine'[0m

2026/05/14 10:56:51 [32mD:/GraduationProject/PokeServiceManage/server/main.go:46 [33mSLOW SQL >= 200ms
[0m[31;1m[260.235ms] [33m[rows:1][35m SELECT SCHEMA_NAME from Information_schema.SCHEMATA where SCHEMA_NAME LIKE 'service_manage%' ORDER BY SCHEMA_NAME='service_manage' DESC,SCHEMA_NAME limit 1[0m

2026/05/14 10:56:52 [32mD:/GraduationProject/PokeServiceManage/server/main.go:46 [33mSLOW SQL >= 200ms
[0m[31;1m[341.658ms] [33m[rows:-][35m SELECT count(*) FROM information_schema.statistics WHERE table_schema = 'service_manage' AND table_name = 'other_services' AND index_name = 'idx_other_services_deleted_at'[0m

2026/05/14 10:56:52 [32mD:/GraduationProject/PokeServiceManage/server/main.go:46 [33mSLOW SQL >= 200ms
[0m[31;1m[755.713ms] [33m[rows:-][35m SELECT DATABASE()[0m

2026/05/14 10:56:53 [32mD:/GraduationProject/PokeServiceManage/server/main.go:46 [33mSLOW SQL >= 200ms
[0m[31;1m[537.180ms] [33m[rows:1][35m SELECT SCHEMA_NAME from Information_schema.SCHEMATA where SCHEMA_NAME LIKE 'service_manage%' ORDER BY SCHEMA_NAME='service_manage' DESC,SCHEMA_NAME limit 1[0m

2026/05/14 10:56:53 [32mD:/GraduationProject/PokeServiceManage/server/main.go:46 [33mSLOW SQL >= 200ms
[0m[31;1m[430.523ms] [33m[rows:-][35m SELECT count(*) FROM information_schema.statistics WHERE table_schema = 'service_manage' AND table_name = 'other_services' AND index_name = 'idx_other_services_machine_id'[0m

2026/05/14 10:56:54 [32mD:/GraduationProject/PokeServiceManage/server/main.go:46 [33mSLOW SQL >= 200ms
[0m[31;1m[225.708ms] [33m[rows:-][35m SELECT DATABASE()[0m

2026/05/14 10:56:54 [32mD:/GraduationProject/PokeServiceManage/server/main.go:46 [33mSLOW SQL >= 200ms
[0m[31;1m[301.371ms] [33m[rows:1][35m SELECT SCHEMA_NAME from Information_schema.SCHEMATA where SCHEMA_NAME LIKE 'service_manage%' ORDER BY SCHEMA_NAME='service_manage' DESC,SCHEMA_NAME limit 1[0m

2026/05/14 10:56:54 [32mD:/GraduationProject/PokeServiceManage/server/main.go:46 [33mSLOW SQL >= 200ms
[0m[31;1m[255.944ms] [33m[rows:-][35m SELECT count(*) FROM information_schema.tables WHERE table_schema = 'service_manage' AND table_name = 'egress_methods' AND table_type = 'BASE TABLE'[0m

2026/05/14 10:56:55 [32mD:/GraduationProject/PokeServiceManage/server/main.go:46 [33mSLOW SQL >= 200ms
[0m[31;1m[334.226ms] [33m[rows:1][35m SELECT SCHEMA_NAME from Information_schema.SCHEMATA where SCHEMA_NAME LIKE 'service_manage%' ORDER BY SCHEMA_NAME='service_manage' DESC,SCHEMA_NAME limit 1[0m

2026/05/14 10:56:55 [32mD:/GraduationProject/PokeServiceManage/server/main.go:46 [33mSLOW SQL >= 200ms
[0m[31;1m[336.433ms] [33m[rows:-][35m SELECT * FROM `egress_methods` LIMIT 1[0m

2026/05/14 10:56:55 [32mD:/GraduationProject/PokeServiceManage/server/main.go:46 [33mSLOW SQL >= 200ms
[0m[31;1m[343.594ms] [33m[rows:-][35m SELECT column_name, column_default, is_nullable = 'YES', data_type, character_maximum_length, column_type, column_key, extra, column_comment, numeric_precision, numeric_scale , datetime_precision FROM information_schema.columns WHERE table_schema = 'service_manage' AND table_name = 'egress_methods' ORDER BY ORDINAL_POSITION[0m

2026/05/14 10:56:56 [32mD:/GraduationProject/PokeServiceManage/server/main.go:46 [33mSLOW SQL >= 200ms
[0m[31;1m[290.225ms] [33m[rows:-][35m SELECT DATABASE()[0m

2026/05/14 10:56:56 [32mD:/GraduationProject/PokeServiceManage/server/main.go:46 [33mSLOW SQL >= 200ms
[0m[31;1m[340.484ms] [33m[rows:1][35m SELECT SCHEMA_NAME from Information_schema.SCHEMATA where SCHEMA_NAME LIKE 'service_manage%' ORDER BY SCHEMA_NAME='service_manage' DESC,SCHEMA_NAME limit 1[0m

2026/05/14 10:56:56 [32mD:/GraduationProject/PokeServiceManage/server/main.go:46 [33mSLOW SQL >= 200ms
[0m[31;1m[524.118ms] [33m[rows:-][35m SELECT count(*) FROM INFORMATION_SCHEMA.table_constraints WHERE constraint_schema = 'service_manage' AND table_name = 'egress_methods' AND constraint_name = 'fk_egress_methods_docker_service'[0m

2026/05/14 10:56:57 [32mD:/GraduationProject/PokeServiceManage/server/main.go:46 [33mSLOW SQL >= 200ms
[0m[31;1m[209.295ms] [33m[rows:-][35m SELECT DATABASE()[0m

2026/05/14 10:56:57 [32mD:/GraduationProject/PokeServiceManage/server/main.go:46 [33mSLOW SQL >= 200ms
[0m[31;1m[337.252ms] [33m[rows:1][35m SELECT SCHEMA_NAME from Information_schema.SCHEMATA where SCHEMA_NAME LIKE 'service_manage%' ORDER BY SCHEMA_NAME='service_manage' DESC,SCHEMA_NAME limit 1[0m

2026/05/14 10:56:57 [32mD:/GraduationProject/PokeServiceManage/server/main.go:46 [33mSLOW SQL >= 200ms
[0m[31;1m[307.345ms] [33m[rows:-][35m SELECT count(*) FROM information_schema.statistics WHERE table_schema = 'service_manage' AND table_name = 'egress_methods' AND index_name = 'idx_egress_methods_deleted_at'[0m

2026/05/14 10:56:58 [32mD:/GraduationProject/PokeServiceManage/server/main.go:46 [33mSLOW SQL >= 200ms
[0m[31;1m[700.477ms] [33m[rows:-][35m SELECT DATABASE()[0m

2026/05/14 10:56:59 [32mD:/GraduationProject/PokeServiceManage/server/main.go:46 [33mSLOW SQL >= 200ms
[0m[31;1m[1009.943ms] [33m[rows:1][35m SELECT SCHEMA_NAME from Information_schema.SCHEMATA where SCHEMA_NAME LIKE 'service_manage%' ORDER BY SCHEMA_NAME='service_manage' DESC,SCHEMA_NAME limit 1[0m

2026/05/14 10:57:00 [32mD:/GraduationProject/PokeServiceManage/server/main.go:46 [33mSLOW SQL >= 200ms
[0m[31;1m[628.433ms] [33m[rows:-][35m SELECT count(*) FROM information_schema.statistics WHERE table_schema = 'service_manage' AND table_name = 'egress_methods' AND index_name = 'idx_egress_methods_service_id'[0m
2026-05-14T10:57:00.185+0800	INFO	server/main.go:55	数据库表初始化完成
[GIN-debug] [WARNING] Creating an Engine instance with the Logger and Recovery middleware already attached.

[GIN-debug] [WARNING] Running in "debug" mode. Switch to "release" mode in production.
 - using env:	export GIN_MODE=release
 - using code:	gin.SetMode(gin.ReleaseMode)

[GIN-debug] GET    /api/overview             --> service-manage/handler.(*MachineHandler).Overview-fm (4 handlers)
[GIN-debug] GET    /api/machines             --> service-manage/handler.(*MachineHandler).List-fm (4 handlers)
[GIN-debug] GET    /api/machines/:id         --> service-manage/handler.(*MachineHandler).Get-fm (4 handlers)
[GIN-debug] POST   /api/machines             --> service-manage/handler.(*MachineHandler).Create-fm (4 handlers)
[GIN-debug] PUT    /api/machines/:id         --> service-manage/handler.(*MachineHandler).Update-fm (4 handlers)
[GIN-debug] DELETE /api/machines/:id         --> service-manage/handler.(*MachineHandler).Delete-fm (4 handlers)
[GIN-debug] POST   /api/machines/:id/check-ssh --> service-manage/handler.(*MachineHandler).CheckSSH-fm (4 handlers)
[GIN-debug] POST   /api/machines/:id/discover-services --> service-manage/handler.(*MachineHandler).DiscoverServices-fm (4 handlers)
[GIN-debug] GET    /api/docker-services      --> service-manage/handler.(*DockerServiceHandler).List-fm (4 handlers)
[GIN-debug] POST   /api/docker-services      --> service-manage/handler.(*DockerServiceHandler).Create-fm (4 handlers)
[GIN-debug] PUT    /api/docker-services/:id  --> service-manage/handler.(*DockerServiceHandler).Update-fm (4 handlers)
[GIN-debug] DELETE /api/docker-services/:id  --> service-manage/handler.(*DockerServiceHandler).Delete-fm (4 handlers)
[GIN-debug] POST   /api/docker-services/:id/check --> service-manage/handler.(*DockerServiceHandler).Check-fm (4 handlers)
[GIN-debug] GET    /api/other-services       --> service-manage/handler.(*OtherServiceHandler).List-fm (4 handlers)
[GIN-debug] POST   /api/other-services       --> service-manage/handler.(*OtherServiceHandler).Create-fm (4 handlers)
[GIN-debug] PUT    /api/other-services/:id   --> service-manage/handler.(*OtherServiceHandler).Update-fm (4 handlers)
[GIN-debug] DELETE /api/other-services/:id   --> service-manage/handler.(*OtherServiceHandler).Delete-fm (4 handlers)
[GIN-debug] GET    /api/egress-methods       --> service-manage/handler.(*EgressMethodHandler).List-fm (4 handlers)
[GIN-debug] POST   /api/egress-methods       --> service-manage/handler.(*EgressMethodHandler).Create-fm (4 handlers)
[GIN-debug] PUT    /api/egress-methods/:id   --> service-manage/handler.(*EgressMethodHandler).Update-fm (4 handlers)
[GIN-debug] DELETE /api/egress-methods/:id   --> service-manage/handler.(*EgressMethodHandler).Delete-fm (4 handlers)
2026-05-14T10:57:00.186+0800	INFO	server/main.go:60	服务启动于 :8080
[GIN-debug] [WARNING] You trusted all proxies, this is NOT safe. We recommend you to set a value.
Please check https://pkg.go.dev/github.com/gin-gonic/gin#readme-don-t-trust-all-proxies for details.
[GIN-debug] Listening and serving HTTP on :8080

2026/05/14 10:57:15 [32mD:/GraduationProject/PokeServiceManage/server/handler/machine.go:207 [33mSLOW SQL >= 200ms
[0m[31;1m[863.987ms] [33m[rows:1][35m SELECT count(*) FROM `machines` WHERE `machines`.`deleted_at` IS NULL[0m

2026/05/14 10:57:15 [32mD:/GraduationProject/PokeServiceManage/server/handler/machine.go:208 [33mSLOW SQL >= 200ms
[0m[31;1m[263.209ms] [33m[rows:1][35m SELECT count(*) FROM `machines` WHERE status = 1 AND `machines`.`deleted_at` IS NULL[0m

2026/05/14 10:57:15 [32mD:/GraduationProject/PokeServiceManage/server/handler/machine.go:50 [33mSLOW SQL >= 200ms
[0m[31;1m[241.614ms] [33m[rows:1][35m SELECT count(*) FROM `machines` WHERE `machines`.`deleted_at` IS NULL[0m

2026/05/14 10:57:15 [32mD:/GraduationProject/PokeServiceManage/server/handler/machine.go:210 [33mSLOW SQL >= 200ms
[0m[31;1m[245.139ms] [33m[rows:1][35m SELECT count(*) FROM `docker_services` WHERE `docker_services`.`deleted_at` IS NULL[0m

2026/05/14 10:57:15 [32mD:/GraduationProject/PokeServiceManage/server/handler/machine.go:211 [33mSLOW SQL >= 200ms
[0m[31;1m[224.109ms] [33m[rows:1][35m SELECT count(*) FROM `other_services` WHERE `other_services`.`deleted_at` IS NULL[0m

2026/05/14 10:57:15 [32mD:/GraduationProject/PokeServiceManage/server/handler/machine.go:69 [33mSLOW SQL >= 200ms
[0m[31;1m[230.501ms] [33m[rows:1][35m SELECT count(*) FROM `docker_services` WHERE machine_id = 2 AND `docker_services`.`deleted_at` IS NULL[0m

2026/05/14 10:57:16 [32mD:/GraduationProject/PokeServiceManage/server/handler/machine.go:70 [33mSLOW SQL >= 200ms
[0m[31;1m[214.866ms] [33m[rows:1][35m SELECT count(*) FROM `other_services` WHERE machine_id = 2 AND `other_services`.`deleted_at` IS NULL[0m

2026/05/14 10:57:16 [32mD:/GraduationProject/PokeServiceManage/server/handler/machine.go:70 [33mSLOW SQL >= 200ms
[0m[31;1m[406.801ms] [33m[rows:1][35m SELECT count(*) FROM `other_services` WHERE machine_id = 1 AND `other_services`.`deleted_at` IS NULL[0m

2026/05/14 10:57:16 [32mD:/GraduationProject/PokeServiceManage/server/handler/machine.go:230 [33mSLOW SQL >= 200ms
[0m[31;1m[406.801ms] [33m[rows:1][35m SELECT count(*) FROM `docker_services` WHERE machine_id = 2 AND `docker_services`.`deleted_at` IS NULL[0m
[GIN] 2026/05/14 - 10:57:16 | 200 |    1.4801161s |             ::1 | GET      "/api/machines?page=1&pageSize=10&keyword=&machineType=&status="

2026/05/14 10:57:16 [32mD:/GraduationProject/PokeServiceManage/server/handler/machine.go:231 [33mSLOW SQL >= 200ms
[0m[31;1m[226.823ms] [33m[rows:1][35m SELECT count(*) FROM `other_services` WHERE machine_id = 2 AND `other_services`.`deleted_at` IS NULL[0m

2026/05/14 10:57:17 [32mD:/GraduationProject/PokeServiceManage/server/handler/machine.go:230 [33mSLOW SQL >= 200ms
[0m[31;1m[230.359ms] [33m[rows:1][35m SELECT count(*) FROM `docker_services` WHERE machine_id = 1 AND `docker_services`.`deleted_at` IS NULL[0m

2026/05/14 10:57:17 [32mD:/GraduationProject/PokeServiceManage/server/handler/machine.go:231 [33mSLOW SQL >= 200ms
[0m[31;1m[210.106ms] [33m[rows:1][35m SELECT count(*) FROM `other_services` WHERE machine_id = 1 AND `other_services`.`deleted_at` IS NULL[0m
[GIN] 2026/05/14 - 10:57:17 | 200 |    3.1619512s |             ::1 | GET      "/api/overview"
^C2026-05-14T15:37:38.462+0800	INFO	server/main.go:55	数据库表初始化完成
[GIN-debug] [WARNING] Creating an Engine instance with the Logger and Recovery middleware already attached.

[GIN-debug] [WARNING] Running in "debug" mode. Switch to "release" mode in production.
 - using env:	export GIN_MODE=release
 - using code:	gin.SetMode(gin.ReleaseMode)

[GIN-debug] GET    /api/overview             --> service-manage/handler.(*MachineHandler).Overview-fm (4 handlers)
[GIN-debug] GET    /api/machines             --> service-manage/handler.(*MachineHandler).List-fm (4 handlers)
[GIN-debug] GET    /api/machines/:id         --> service-manage/handler.(*MachineHandler).Get-fm (4 handlers)
[GIN-debug] POST   /api/machines             --> service-manage/handler.(*MachineHandler).Create-fm (4 handlers)
[GIN-debug] PUT    /api/machines/:id         --> service-manage/handler.(*MachineHandler).Update-fm (4 handlers)
[GIN-debug] DELETE /api/machines/:id         --> service-manage/handler.(*MachineHandler).Delete-fm (4 handlers)
[GIN-debug] POST   /api/machines/:id/check-ssh --> service-manage/handler.(*MachineHandler).CheckSSH-fm (4 handlers)
[GIN-debug] POST   /api/machines/:id/discover-services --> service-manage/handler.(*MachineHandler).DiscoverServices-fm (4 handlers)
[GIN-debug] GET    /api/docker-services      --> service-manage/handler.(*DockerServiceHandler).List-fm (4 handlers)
[GIN-debug] POST   /api/docker-services      --> service-manage/handler.(*DockerServiceHandler).Create-fm (4 handlers)
[GIN-debug] PUT    /api/docker-services/:id  --> service-manage/handler.(*DockerServiceHandler).Update-fm (4 handlers)
[GIN-debug] DELETE /api/docker-services/:id  --> service-manage/handler.(*DockerServiceHandler).Delete-fm (4 handlers)
[GIN-debug] POST   /api/docker-services/:id/check --> service-manage/handler.(*DockerServiceHandler).Check-fm (4 handlers)
[GIN-debug] GET    /api/other-services       --> service-manage/handler.(*OtherServiceHandler).List-fm (4 handlers)
[GIN-debug] POST   /api/other-services       --> service-manage/handler.(*OtherServiceHandler).Create-fm (4 handlers)
[GIN-debug] PUT    /api/other-services/:id   --> service-manage/handler.(*OtherServiceHandler).Update-fm (4 handlers)
[GIN-debug] DELETE /api/other-services/:id   --> service-manage/handler.(*OtherServiceHandler).Delete-fm (4 handlers)
[GIN-debug] GET    /api/egress-methods       --> service-manage/handler.(*EgressMethodHandler).List-fm (4 handlers)
[GIN-debug] POST   /api/egress-methods       --> service-manage/handler.(*EgressMethodHandler).Create-fm (4 handlers)
[GIN-debug] PUT    /api/egress-methods/:id   --> service-manage/handler.(*EgressMethodHandler).Update-fm (4 handlers)
[GIN-debug] DELETE /api/egress-methods/:id   --> service-manage/handler.(*EgressMethodHandler).Delete-fm (4 handlers)
2026-05-14T15:37:38.471+0800	INFO	server/main.go:60	服务启动于 :8080
[GIN-debug] [WARNING] You trusted all proxies, this is NOT safe. We recommend you to set a value.
Please check https://pkg.go.dev/github.com/gin-gonic/gin#readme-don-t-trust-all-proxies for details.
[GIN-debug] Listening and serving HTTP on :8080
[GIN] 2026/05/14 - 15:40:22 | 200 |     34.5435ms |             ::1 | GET      "/api/overview"
[GIN] 2026/05/14 - 15:43:12 | 200 |     36.2663ms |             ::1 | GET      "/api/overview"
[GIN] 2026/05/14 - 15:43:45 | 200 |     35.0146ms |             ::1 | GET      "/api/overview"
[GIN] 2026/05/14 - 15:43:49 | 200 |     20.7242ms |             ::1 | GET      "/api/machines?page=1&pageSize=10&keyword=&machineType=&status="
[GIN] 2026/05/14 - 15:43:55 | 200 |      7.4263ms |             ::1 | GET      "/api/other-services?machineId=2&page=1&pageSize=100"
[GIN] 2026/05/14 - 15:43:55 | 200 |     13.1151ms |             ::1 | GET      "/api/docker-services?machineId=2&page=1&pageSize=100"
[GIN] 2026/05/14 - 15:43:57 | 200 |       9.806ms |             ::1 | GET      "/api/other-services?machineId=1&page=1&pageSize=100"
[GIN] 2026/05/14 - 15:43:57 | 200 |     23.9106ms |             ::1 | GET      "/api/docker-services?machineId=1&page=1&pageSize=100"
[GIN] 2026/05/14 - 15:44:01 | 200 |      6.4321ms |             ::1 | GET      "/api/other-services?machineId=3&page=1&pageSize=100"
[GIN] 2026/05/14 - 15:44:01 | 200 |      6.4321ms |             ::1 | GET      "/api/docker-services?machineId=3&page=1&pageSize=100"
[GIN] 2026/05/14 - 15:44:09 | 200 |     22.6414ms |             ::1 | GET      "/api/machines?page=1&pageSize=10&keyword=&machineType=&status="
[GIN] 2026/05/14 - 15:44:10 | 200 |       6.421ms |             ::1 | GET      "/api/other-services?machineId=1&page=1&pageSize=100"
[GIN] 2026/05/14 - 15:44:10 | 200 |      14.528ms |             ::1 | GET      "/api/docker-services?machineId=1&page=1&pageSize=100"
[GIN] 2026/05/14 - 15:44:19 | 200 |      78.763ms |             ::1 | POST     "/api/machines/3/check-ssh"
[GIN] 2026/05/14 - 15:44:20 | 200 |    347.8856ms |             ::1 | POST     "/api/machines/2/check-ssh"
[GIN] 2026/05/14 - 15:44:22 | 200 |    2.0528986s |             ::1 | POST     "/api/machines/1/check-ssh"
[GIN] 2026/05/14 - 15:44:22 | 200 |     22.7712ms |             ::1 | GET      "/api/machines?page=1&pageSize=10&keyword=&machineType=&status="
[GIN] 2026/05/14 - 15:44:36 | 200 |     44.0008ms |             ::1 | PUT      "/api/machines/1"
[GIN] 2026/05/14 - 15:44:36 | 200 |     23.6497ms |             ::1 | GET      "/api/machines?page=1&pageSize=10&keyword=&machineType=&status="
[GIN] 2026/05/14 - 15:44:39 | 200 |     38.0147ms |             ::1 | POST     "/api/machines/3/check-ssh"
[GIN] 2026/05/14 - 15:44:40 | 200 |    265.2295ms |             ::1 | POST     "/api/machines/2/check-ssh"
[GIN] 2026/05/14 - 15:44:40 | 200 |     96.9806ms |             ::1 | POST     "/api/machines/1/check-ssh"
[GIN] 2026/05/14 - 15:44:40 | 200 |     14.9664ms |             ::1 | GET      "/api/machines?page=1&pageSize=10&keyword=&machineType=&status="
[GIN] 2026/05/14 - 15:44:49 | 200 |     42.3209ms |             ::1 | DELETE   "/api/machines/2"
[GIN] 2026/05/14 - 15:44:49 | 200 |     15.9007ms |             ::1 | GET      "/api/machines?page=1&pageSize=10&keyword=&machineType=&status="
[GIN] 2026/05/14 - 15:44:51 | 200 |     22.8038ms |             ::1 | GET      "/api/docker-services?page=1&pageSize=10&keyword=&machineId=&status="
[GIN] 2026/05/14 - 15:44:51 | 200 |     16.3947ms |             ::1 | GET      "/api/machines?page=1&pageSize=200"
[GIN] 2026/05/14 - 15:44:51 | 200 |     15.9045ms |             ::1 | GET      "/api/machines?page=1&pageSize=10&keyword=&machineType=&status="

2026/05/14 15:45:13 [31;1mC:/Users/Poke/Documents/trae_projects/PokeServiceManage/server/handler/machine.go:113 [35;1mError 1062 (23000): Duplicate entry '阿里云青岛' for key 'machines.idx_machines_name'
[0m[33m[32.310ms] [34;1m[rows:0][0m INSERT INTO `machines` (`created_at`,`updated_at`,`deleted_at`,`name`,`ip`,`machine_type`,`cpu`,`memory`,`disk`,`os`,`status`,`ssh_port`,`ssh_user`,`ssh_password`,`remark`) VALUES ('2026-05-14 15:45:13.699','2026-05-14 15:45:13.699',NULL,'阿里云青岛','47.104.217.236','CLOUD','','','','Debian13',1,22,'root','shiwan233','')
[GIN] 2026/05/14 - 15:45:13 | 200 |     36.5111ms |             ::1 | POST     "/api/machines"

2026/05/14 15:45:24 [31;1mC:/Users/Poke/Documents/trae_projects/PokeServiceManage/server/handler/machine.go:113 [35;1mError 1062 (23000): Duplicate entry '阿里云青岛' for key 'machines.idx_machines_name'
[0m[33m[35.222ms] [34;1m[rows:0][0m INSERT INTO `machines` (`created_at`,`updated_at`,`deleted_at`,`name`,`ip`,`machine_type`,`cpu`,`memory`,`disk`,`os`,`status`,`ssh_port`,`ssh_user`,`ssh_password`,`remark`) VALUES ('2026-05-14 15:45:23.989','2026-05-14 15:45:23.989',NULL,'阿里云青岛','47.104.217.236','CLOUD','','','','Debian13',1,22,'root','shiwan233','')
[GIN] 2026/05/14 - 15:45:24 | 200 |     39.5677ms |             ::1 | POST     "/api/machines"

2026/05/14 15:45:32 [31;1mC:/Users/Poke/Documents/trae_projects/PokeServiceManage/server/handler/machine.go:113 [35;1mError 1062 (23000): Duplicate entry '阿里云青岛' for key 'machines.idx_machines_name'
[0m[33m[36.719ms] [34;1m[rows:0][0m INSERT INTO `machines` (`created_at`,`updated_at`,`deleted_at`,`name`,`ip`,`machine_type`,`cpu`,`memory`,`disk`,`os`,`status`,`ssh_port`,`ssh_user`,`ssh_password`,`remark`) VALUES ('2026-05-14 15:45:32.669','2026-05-14 15:45:32.669',NULL,'阿里云青岛','47.104.217.236','CLOUD','','','','Debian13',1,22,'root','shiwan233','')
[GIN] 2026/05/14 - 15:45:32 | 200 |     40.3898ms |             ::1 | POST     "/api/machines"

2026/05/14 15:45:35 [31;1mC:/Users/Poke/Documents/trae_projects/PokeServiceManage/server/handler/machine.go:113 [35;1mError 1062 (23000): Duplicate entry '阿里云青岛' for key 'machines.idx_machines_name'
[0m[33m[26.855ms] [34;1m[rows:0][0m INSERT INTO `machines` (`created_at`,`updated_at`,`deleted_at`,`name`,`ip`,`machine_type`,`cpu`,`memory`,`disk`,`os`,`status`,`ssh_port`,`ssh_user`,`ssh_password`,`remark`) VALUES ('2026-05-14 15:45:35.65','2026-05-14 15:45:35.65',NULL,'阿里云青岛','47.104.217.236','LAN','','','','Debian13',1,22,'root','shiwan233','')
[GIN] 2026/05/14 - 15:45:35 | 200 |     30.1545ms |             ::1 | POST     "/api/machines"
[GIN] 2026/05/14 - 15:48:12 | 200 |     16.5118ms |             ::1 | GET      "/api/machines?page=1&pageSize=10&keyword=&machineType=&status="
[GIN] 2026/05/14 - 15:48:14 | 200 |     14.3158ms |             ::1 | GET      "/api/machines?page=1&pageSize=10&keyword=&machineType=&status="
[GIN] 2026/05/14 - 15:48:16 | 200 |      5.7998ms |             ::1 | GET      "/api/machines?page=1&pageSize=10&keyword=&machineType=&status=0"
[GIN] 2026/05/14 - 15:48:16 | 200 |      6.9656ms |             ::1 | GET      "/api/machines?page=1&pageSize=10&keyword=&machineType=&status=0"
[GIN] 2026/05/14 - 15:48:17 | 200 |     20.6415ms |             ::1 | GET      "/api/machines?page=1&pageSize=10&keyword=&machineType="
[GIN] 2026/05/14 - 15:50:04 | 200 |      20.907ms |             ::1 | GET      "/api/machines?page=1&pageSize=10&keyword=&machineType="
[GIN] 2026/05/14 - 15:50:06 | 200 |     22.6052ms |             ::1 | GET      "/api/machines?page=1&pageSize=10&keyword=&machineType="
[GIN] 2026/05/14 - 15:50:09 | 200 |     23.1117ms |             ::1 | GET      "/api/docker-services?page=1&pageSize=10&keyword=&machineId=&status="
[GIN] 2026/05/14 - 15:50:09 | 200 |     23.1117ms |             ::1 | GET      "/api/machines?page=1&pageSize=200"
[GIN] 2026/05/14 - 15:50:11 | 200 |     23.7313ms |             ::1 | GET      "/api/docker-services?page=1&pageSize=10&keyword=&machineId=&status="
[GIN] 2026/05/14 - 15:50:12 | 200 |     22.8334ms |             ::1 | GET      "/api/machines?page=1&pageSize=10&keyword=&machineType=&status="
[GIN] 2026/05/14 - 15:50:12 | 200 |      3.4311ms |             ::1 | POST     "/api/machines/3/discover-services"

2026/05/14 15:50:13 [31;1mC:/Users/Poke/Documents/trae_projects/PokeServiceManage/server/handler/machine.go:464 [35;1mrecord not found
[0m[33m[2.010ms] [34;1m[rows:0][0m SELECT * FROM `docker_services` WHERE (machine_id = 2 AND name = 'frps') AND `docker_services`.`deleted_at` IS NULL ORDER BY `docker_services`.`id` LIMIT 1

2026/05/14 15:50:13 [31;1mC:/Users/Poke/Documents/trae_projects/PokeServiceManage/server/handler/machine.go:496 [35;1mError 1364 (HY000): Field 'type' doesn't have a default value
[0m[33m[1.506ms] [34;1m[rows:0][0m INSERT INTO `docker_services` (`created_at`,`updated_at`,`deleted_at`,`machine_id`,`name`,`port`,`protocol`,`docker_source_ip`,`docker_source_port`,`port_mappings`,`status`,`locked`,`is_egress`,`remark`) VALUES ('2026-05-14 15:50:13.543','2026-05-14 15:50:13.543',NULL,2,'frps',0,'TCP','47.104.217.236',0,'[]',1,false,false,'')
[GIN] 2026/05/14 - 15:50:13 | 200 |    737.1467ms |             ::1 | POST     "/api/machines/2/discover-services"
[GIN] 2026/05/14 - 15:50:14 | 200 |    1.1809974s |             ::1 | POST     "/api/machines/1/discover-services"
[GIN] 2026/05/14 - 15:50:14 | 200 |      21.282ms |             ::1 | GET      "/api/machines?page=1&pageSize=10&keyword=&machineType=&status="
[GIN] 2026/05/14 - 15:50:21 | 200 |      39.392ms |             ::1 | PUT      "/api/machines/2"
[GIN] 2026/05/14 - 15:50:21 | 200 |     21.2362ms |             ::1 | GET      "/api/machines?page=1&pageSize=10&keyword=&machineType=&status="
[GIN] 2026/05/14 - 15:50:23 | 200 |      4.0659ms |             ::1 | POST     "/api/machines/3/discover-services"

2026/05/14 15:50:24 [31;1mC:/Users/Poke/Documents/trae_projects/PokeServiceManage/server/handler/machine.go:464 [35;1mrecord not found
[0m[33m[2.859ms] [34;1m[rows:0][0m SELECT * FROM `docker_services` WHERE (machine_id = 2 AND name = 'frps') AND `docker_services`.`deleted_at` IS NULL ORDER BY `docker_services`.`id` LIMIT 1

2026/05/14 15:50:24 [31;1mC:/Users/Poke/Documents/trae_projects/PokeServiceManage/server/handler/machine.go:496 [35;1mError 1364 (HY000): Field 'type' doesn't have a default value
[0m[33m[3.751ms] [34;1m[rows:0][0m INSERT INTO `docker_services` (`created_at`,`updated_at`,`deleted_at`,`machine_id`,`name`,`port`,`protocol`,`docker_source_ip`,`docker_source_port`,`port_mappings`,`status`,`locked`,`is_egress`,`remark`) VALUES ('2026-05-14 15:50:24.707','2026-05-14 15:50:24.707',NULL,2,'frps',0,'TCP','47.104.217.236',0,'[]',1,false,false,'')
[GIN] 2026/05/14 - 15:50:24 | 200 |    821.6579ms |             ::1 | POST     "/api/machines/2/discover-services"
[GIN] 2026/05/14 - 15:50:25 | 200 |    654.7997ms |             ::1 | POST     "/api/machines/1/discover-services"
[GIN] 2026/05/14 - 15:50:25 | 200 |     21.1664ms |             ::1 | GET      "/api/machines?page=1&pageSize=10&keyword=&machineType=&status="
[GIN] 2026/05/14 - 15:50:31 | 200 |      34.065ms |             ::1 | PUT      "/api/machines/3"
[GIN] 2026/05/14 - 15:50:31 | 200 |     21.3871ms |             ::1 | GET      "/api/machines?page=1&pageSize=10&keyword=&machineType=&status="
[GIN] 2026/05/14 - 15:50:34 | 200 |     104.156ms |             ::1 | POST     "/api/machines/3/discover-services"

2026/05/14 15:50:35 [31;1mC:/Users/Poke/Documents/trae_projects/PokeServiceManage/server/handler/machine.go:464 [35;1mrecord not found
[0m[33m[2.595ms] [34;1m[rows:0][0m SELECT * FROM `docker_services` WHERE (machine_id = 2 AND name = 'frps') AND `docker_services`.`deleted_at` IS NULL ORDER BY `docker_services`.`id` LIMIT 1

2026/05/14 15:50:35 [31;1mC:/Users/Poke/Documents/trae_projects/PokeServiceManage/server/handler/machine.go:496 [35;1mError 1364 (HY000): Field 'type' doesn't have a default value
[0m[33m[3.081ms] [34;1m[rows:0][0m INSERT INTO `docker_services` (`created_at`,`updated_at`,`deleted_at`,`machine_id`,`name`,`port`,`protocol`,`docker_source_ip`,`docker_source_port`,`port_mappings`,`status`,`locked`,`is_egress`,`remark`) VALUES ('2026-05-14 15:50:35.066','2026-05-14 15:50:35.066',NULL,2,'frps',0,'TCP','47.104.217.236',0,'[]',1,false,false,'')
[GIN] 2026/05/14 - 15:50:35 | 200 |    789.9356ms |             ::1 | POST     "/api/machines/2/discover-services"
[GIN] 2026/05/14 - 15:50:35 | 200 |    470.5842ms |             ::1 | POST     "/api/machines/1/discover-services"
[GIN] 2026/05/14 - 15:50:35 | 200 |     10.4731ms |             ::1 | GET      "/api/machines?page=1&pageSize=10&keyword=&machineType=&status="
[GIN] 2026/05/14 - 15:51:47 | 200 |     40.6957ms |             ::1 | PUT      "/api/machines/3"
[GIN] 2026/05/14 - 15:51:47 | 200 |      22.125ms |             ::1 | GET      "/api/machines?page=1&pageSize=10&keyword=&machineType=&status="
[GIN] 2026/05/14 - 15:51:49 | 200 |     99.3738ms |             ::1 | POST     "/api/machines/3/discover-services"

2026/05/14 15:51:50 [31;1mC:/Users/Poke/Documents/trae_projects/PokeServiceManage/server/handler/machine.go:464 [35;1mrecord not found
[0m[33m[4.161ms] [34;1m[rows:0][0m SELECT * FROM `docker_services` WHERE (machine_id = 2 AND name = 'frps') AND `docker_services`.`deleted_at` IS NULL ORDER BY `docker_services`.`id` LIMIT 1

2026/05/14 15:51:50 [31;1mC:/Users/Poke/Documents/trae_projects/PokeServiceManage/server/handler/machine.go:496 [35;1mError 1364 (HY000): Field 'type' doesn't have a default value
[0m[33m[3.558ms] [34;1m[rows:0][0m INSERT INTO `docker_services` (`created_at`,`updated_at`,`deleted_at`,`machine_id`,`name`,`port`,`protocol`,`docker_source_ip`,`docker_source_port`,`port_mappings`,`status`,`locked`,`is_egress`,`remark`) VALUES ('2026-05-14 15:51:50.44','2026-05-14 15:51:50.44',NULL,2,'frps',0,'TCP','47.104.217.236',0,'[]',1,false,false,'')
[GIN] 2026/05/14 - 15:51:50 | 200 |    794.1887ms |             ::1 | POST     "/api/machines/2/discover-services"
[GIN] 2026/05/14 - 15:51:51 | 200 |     1.343695s |             ::1 | POST     "/api/machines/1/discover-services"
[GIN] 2026/05/14 - 15:51:51 | 200 |     22.2536ms |             ::1 | GET      "/api/machines?page=1&pageSize=10&keyword=&machineType=&status="
[GIN] 2026/05/14 - 15:52:00 | 200 |     35.6356ms |             ::1 | PUT      "/api/machines/2"
[GIN] 2026/05/14 - 15:52:00 | 200 |     21.5906ms |             ::1 | GET      "/api/machines?page=1&pageSize=10&keyword=&machineType=&status="
[GIN] 2026/05/14 - 15:52:02 | 200 |    131.5809ms |             ::1 | POST     "/api/machines/3/check-ssh"
[GIN] 2026/05/14 - 15:52:02 | 200 |    228.4417ms |             ::1 | POST     "/api/machines/2/check-ssh"
[GIN] 2026/05/14 - 15:52:03 | 200 |     78.8746ms |             ::1 | POST     "/api/machines/1/check-ssh"
[GIN] 2026/05/14 - 15:52:03 | 200 |      12.436ms |             ::1 | GET      "/api/machines?page=1&pageSize=10&keyword=&machineType=&status="
[GIN] 2026/05/14 - 15:52:04 | 200 |    100.6053ms |             ::1 | POST     "/api/machines/3/discover-services"

2026/05/14 15:52:05 [31;1mC:/Users/Poke/Documents/trae_projects/PokeServiceManage/server/handler/machine.go:464 [35;1mrecord not found
[0m[33m[3.488ms] [34;1m[rows:0][0m SELECT * FROM `docker_services` WHERE (machine_id = 2 AND name = 'frps') AND `docker_services`.`deleted_at` IS NULL ORDER BY `docker_services`.`id` LIMIT 1

2026/05/14 15:52:05 [31;1mC:/Users/Poke/Documents/trae_projects/PokeServiceManage/server/handler/machine.go:496 [35;1mError 1364 (HY000): Field 'type' doesn't have a default value
[0m[33m[3.503ms] [34;1m[rows:0][0m INSERT INTO `docker_services` (`created_at`,`updated_at`,`deleted_at`,`machine_id`,`name`,`port`,`protocol`,`docker_source_ip`,`docker_source_port`,`port_mappings`,`status`,`locked`,`is_egress`,`remark`) VALUES ('2026-05-14 15:52:05.413','2026-05-14 15:52:05.413',NULL,2,'frps',0,'TCP','47.104.217.236',0,'[]',1,false,false,'')
[GIN] 2026/05/14 - 15:52:05 | 200 |    896.2877ms |             ::1 | POST     "/api/machines/2/discover-services"
[GIN] 2026/05/14 - 15:52:06 | 200 |    537.2275ms |             ::1 | POST     "/api/machines/1/discover-services"
[GIN] 2026/05/14 - 15:52:06 | 200 |     21.6533ms |             ::1 | GET      "/api/machines?page=1&pageSize=10&keyword=&machineType=&status="
[GIN] 2026/05/14 - 15:52:08 | 200 |      6.7095ms |             ::1 | GET      "/api/other-services?machineId=2&page=1&pageSize=100"
[GIN] 2026/05/14 - 15:52:08 | 200 |      7.2121ms |             ::1 | GET      "/api/docker-services?machineId=2&page=1&pageSize=100"
[GIN] 2026/05/14 - 15:52:12 | 200 |     45.0531ms |             ::1 | DELETE   "/api/machines/2"
[GIN] 2026/05/14 - 15:52:12 | 200 |      17.426ms |             ::1 | GET      "/api/machines?page=1&pageSize=10&keyword=&machineType=&status="
[GIN] 2026/05/14 - 15:53:13 | 200 |     13.9664ms |             ::1 | GET      "/api/machines?page=1&pageSize=200"
[GIN] 2026/05/14 - 15:53:13 | 200 |      17.128ms |             ::1 | GET      "/api/docker-services?page=1&pageSize=10&keyword=&machineId=&status="
[GIN] 2026/05/14 - 15:53:15 | 200 |      7.5412ms |             ::1 | GET      "/api/other-services?page=1&pageSize=10&keyword=&machineId=&status="
[GIN] 2026/05/14 - 15:53:15 | 200 |     16.8262ms |             ::1 | GET      "/api/machines?page=1&pageSize=200"

2026/05/14 15:56:26 [31;1mC:/Users/Poke/Documents/trae_projects/PokeServiceManage/server/handler/machine.go:50 [35;1mError 1146 (42S02): Table 'service_manage.machines' doesn't exist
[0m[33m[2.868ms] [34;1m[rows:0][0m SELECT count(*) FROM `machines` WHERE `machines`.`deleted_at` IS NULL

2026/05/14 15:56:26 [31;1mC:/Users/Poke/Documents/trae_projects/PokeServiceManage/server/handler/other_service.go:45 [35;1mError 1146 (42S02): Table 'service_manage.other_services' doesn't exist
[0m[33m[2.868ms] [34;1m[rows:0][0m SELECT count(*) FROM `other_services` WHERE `other_services`.`deleted_at` IS NULL
[GIN] 2026/05/14 - 15:56:26 | 200 |      2.8675ms |             ::1 | GET      "/api/machines?page=1&pageSize=200"
[GIN] 2026/05/14 - 15:56:26 | 200 |      2.8675ms |             ::1 | GET      "/api/other-services?page=1&pageSize=10&keyword=&machineId=&status="
^C
2026/05/14 16:00:53 [32mC:/Users/Poke/Documents/trae_projects/PokeServiceManage/server/main.go:46 [33mSLOW SQL >= 200ms
[0m[31;1m[417.155ms] [33m[rows:0][35m CREATE TABLE `machines` (`id` bigint unsigned AUTO_INCREMENT,`created_at` datetime(3) NULL,`updated_at` datetime(3) NULL,`deleted_at` datetime(3) NULL,`name` varchar(64) NOT NULL,`ip` varchar(45) NOT NULL,`machine_type` varchar(16) NOT NULL,`cpu` varchar(64) DEFAULT '',`memory` varchar(32) DEFAULT '',`disk` varchar(64) DEFAULT '',`os` varchar(64) DEFAULT '',`status` tinyint DEFAULT 1,`ssh_port` bigint DEFAULT 22,`ssh_user` varchar(32) DEFAULT 'root',`ssh_password` varchar(128),`remark` text,PRIMARY KEY (`id`),INDEX `idx_machines_deleted_at` (`deleted_at`),UNIQUE INDEX `idx_machines_name` (`name`))[0m

2026/05/14 16:00:53 [32mC:/Users/Poke/Documents/trae_projects/PokeServiceManage/server/main.go:46 [33mSLOW SQL >= 200ms
[0m[31;1m[220.048ms] [33m[rows:0][35m CREATE TABLE `other_services` (`id` bigint unsigned AUTO_INCREMENT,`created_at` datetime(3) NULL,`updated_at` datetime(3) NULL,`deleted_at` datetime(3) NULL,`machine_id` bigint unsigned NOT NULL,`name` varchar(64) NOT NULL,`port` bigint NOT NULL,`protocol` varchar(8) DEFAULT 'TCP',`status` tinyint DEFAULT 1,`remark` text,PRIMARY KEY (`id`),INDEX `idx_other_services_deleted_at` (`deleted_at`),INDEX `idx_other_services_machine_id` (`machine_id`),CONSTRAINT `fk_other_services_machine` FOREIGN KEY (`machine_id`) REFERENCES `machines`(`id`))[0m
2026-05-14T16:00:54.082+0800	INFO	server/main.go:55	数据库表初始化完成
[GIN-debug] [WARNING] Creating an Engine instance with the Logger and Recovery middleware already attached.

[GIN-debug] [WARNING] Running in "debug" mode. Switch to "release" mode in production.
 - using env:	export GIN_MODE=release
 - using code:	gin.SetMode(gin.ReleaseMode)

[GIN-debug] GET    /api/overview             --> service-manage/handler.(*MachineHandler).Overview-fm (4 handlers)
[GIN-debug] GET    /api/machines             --> service-manage/handler.(*MachineHandler).List-fm (4 handlers)
[GIN-debug] GET    /api/machines/:id         --> service-manage/handler.(*MachineHandler).Get-fm (4 handlers)
[GIN-debug] POST   /api/machines             --> service-manage/handler.(*MachineHandler).Create-fm (4 handlers)
[GIN-debug] PUT    /api/machines/:id         --> service-manage/handler.(*MachineHandler).Update-fm (4 handlers)
[GIN-debug] DELETE /api/machines/:id         --> service-manage/handler.(*MachineHandler).Delete-fm (4 handlers)
[GIN-debug] POST   /api/machines/:id/check-ssh --> service-manage/handler.(*MachineHandler).CheckSSH-fm (4 handlers)
[GIN-debug] POST   /api/machines/:id/discover-services --> service-manage/handler.(*MachineHandler).DiscoverServices-fm (4 handlers)
[GIN-debug] GET    /api/docker-services      --> service-manage/handler.(*DockerServiceHandler).List-fm (4 handlers)
[GIN-debug] POST   /api/docker-services      --> service-manage/handler.(*DockerServiceHandler).Create-fm (4 handlers)
[GIN-debug] PUT    /api/docker-services/:id  --> service-manage/handler.(*DockerServiceHandler).Update-fm (4 handlers)
[GIN-debug] DELETE /api/docker-services/:id  --> service-manage/handler.(*DockerServiceHandler).Delete-fm (4 handlers)
[GIN-debug] POST   /api/docker-services/:id/check --> service-manage/handler.(*DockerServiceHandler).Check-fm (4 handlers)
[GIN-debug] GET    /api/other-services       --> service-manage/handler.(*OtherServiceHandler).List-fm (4 handlers)
[GIN-debug] POST   /api/other-services       --> service-manage/handler.(*OtherServiceHandler).Create-fm (4 handlers)
[GIN-debug] PUT    /api/other-services/:id   --> service-manage/handler.(*OtherServiceHandler).Update-fm (4 handlers)
[GIN-debug] DELETE /api/other-services/:id   --> service-manage/handler.(*OtherServiceHandler).Delete-fm (4 handlers)
[GIN-debug] GET    /api/egress-methods       --> service-manage/handler.(*EgressMethodHandler).List-fm (4 handlers)
[GIN-debug] POST   /api/egress-methods       --> service-manage/handler.(*EgressMethodHandler).Create-fm (4 handlers)
[GIN-debug] PUT    /api/egress-methods/:id   --> service-manage/handler.(*EgressMethodHandler).Update-fm (4 handlers)
[GIN-debug] DELETE /api/egress-methods/:id   --> service-manage/handler.(*EgressMethodHandler).Delete-fm (4 handlers)
2026-05-14T16:00:54.084+0800	INFO	server/main.go:60	服务启动于 :8080
[GIN-debug] [WARNING] You trusted all proxies, this is NOT safe. We recommend you to set a value.
Please check https://pkg.go.dev/github.com/gin-gonic/gin#readme-don-t-trust-all-proxies for details.
[GIN-debug] Listening and serving HTTP on :8080
[GIN] 2026/05/14 - 16:01:16 | 200 |      7.5103ms |             ::1 | GET      "/api/machines?page=1&pageSize=10&keyword=&machineType=&status="
[GIN] 2026/05/14 - 16:01:43 | 200 |     18.6927ms |             ::1 | GET      "/api/overview"
[GIN] 2026/05/14 - 16:01:49 | 200 |     17.6281ms |             ::1 | GET      "/api/overview"
[GIN] 2026/05/14 - 16:01:52 | 200 |      5.3213ms |             ::1 | GET      "/api/machines?page=1&pageSize=10&keyword=&machineType=&status="
[GIN] 2026/05/14 - 16:02:41 | 200 |     37.0896ms |             ::1 | POST     "/api/machines"
[GIN] 2026/05/14 - 16:02:42 | 200 |      9.6891ms |             ::1 | GET      "/api/machines?page=1&pageSize=10&keyword=&machineType=&status="

2026/05/14 16:02:42 [31;1mC:/Users/Poke/Documents/trae_projects/PokeServiceManage/server/handler/machine.go:464 [35;1mrecord not found
[0m[33m[2.921ms] [34;1m[rows:0][0m SELECT * FROM `docker_services` WHERE (machine_id = 1 AND name = 'magicpush') AND `docker_services`.`deleted_at` IS NULL ORDER BY `docker_services`.`id` LIMIT 1

2026/05/14 16:02:42 [31;1mC:/Users/Poke/Documents/trae_projects/PokeServiceManage/server/handler/machine.go:464 [35;1mrecord not found
[0m[33m[3.578ms] [34;1m[rows:0][0m SELECT * FROM `docker_services` WHERE (machine_id = 1 AND name = 'mysql') AND `docker_services`.`deleted_at` IS NULL ORDER BY `docker_services`.`id` LIMIT 1

2026/05/14 16:02:42 [31;1mC:/Users/Poke/Documents/trae_projects/PokeServiceManage/server/handler/machine.go:464 [35;1mrecord not found
[0m[33m[3.427ms] [34;1m[rows:0][0m SELECT * FROM `docker_services` WHERE (machine_id = 1 AND name = 'certimate') AND `docker_services`.`deleted_at` IS NULL ORDER BY `docker_services`.`id` LIMIT 1

2026/05/14 16:02:42 [31;1mC:/Users/Poke/Documents/trae_projects/PokeServiceManage/server/handler/machine.go:464 [35;1mrecord not found
[0m[33m[2.636ms] [34;1m[rows:0][0m SELECT * FROM `docker_services` WHERE (machine_id = 1 AND name = '3xui') AND `docker_services`.`deleted_at` IS NULL ORDER BY `docker_services`.`id` LIMIT 1

2026/05/14 16:02:42 [31;1mC:/Users/Poke/Documents/trae_projects/PokeServiceManage/server/handler/machine.go:464 [35;1mrecord not found
[0m[33m[4.246ms] [34;1m[rows:0][0m SELECT * FROM `docker_services` WHERE (machine_id = 1 AND name = 'frpc') AND `docker_services`.`deleted_at` IS NULL ORDER BY `docker_services`.`id` LIMIT 1
[GIN] 2026/05/14 - 16:02:45 | 200 |     82.7198ms |             ::1 | POST     "/api/machines/1/check-ssh"
[GIN] 2026/05/14 - 16:02:45 | 200 |     11.3383ms |             ::1 | GET      "/api/machines?page=1&pageSize=10&keyword=&machineType=&status="
[GIN] 2026/05/14 - 16:02:49 | 200 |    522.6786ms |             ::1 | POST     "/api/machines/1/discover-services"
[GIN] 2026/05/14 - 16:02:49 | 200 |     10.5398ms |             ::1 | GET      "/api/machines?page=1&pageSize=10&keyword=&machineType=&status="
[GIN] 2026/05/14 - 16:02:52 | 200 |      6.4676ms |             ::1 | GET      "/api/other-services?machineId=1&page=1&pageSize=100"
[GIN] 2026/05/14 - 16:02:52 | 200 |     22.6725ms |             ::1 | GET      "/api/docker-services?machineId=1&page=1&pageSize=100"
[GIN] 2026/05/14 - 16:02:56 | 200 |     11.0507ms |             ::1 | GET      "/api/machines?page=1&pageSize=200"
[GIN] 2026/05/14 - 16:02:56 | 200 |     23.1393ms |             ::1 | GET      "/api/docker-services?page=1&pageSize=10&keyword=&machineId=&status="
[GIN] 2026/05/14 - 16:03:32 | 200 |    106.3259ms |             ::1 | PUT      "/api/docker-services/4"
[GIN] 2026/05/14 - 16:03:33 | 200 |     80.4102ms |             ::1 | PUT      "/api/docker-services/5"
[GIN] 2026/05/14 - 16:03:36 | 200 |     30.3217ms |             ::1 | PUT      "/api/docker-services/4"
[GIN] 2026/05/14 - 16:03:38 | 200 |     22.7524ms |             ::1 | PUT      "/api/docker-services/5"
[GIN] 2026/05/14 - 16:03:40 | 200 |     11.6033ms |             ::1 | GET      "/api/machines?page=1&pageSize=10&keyword=&machineType=&status="
[GIN] 2026/05/14 - 16:04:05 | 200 |     34.5051ms |             ::1 | POST     "/api/machines"
[GIN] 2026/05/14 - 16:04:06 | 200 |     16.4411ms |             ::1 | GET      "/api/machines?page=1&pageSize=10&keyword=&machineType=&status="

2026/05/14 16:04:06 [31;1mC:/Users/Poke/Documents/trae_projects/PokeServiceManage/server/handler/machine.go:464 [35;1mrecord not found
[0m[33m[3.602ms] [34;1m[rows:0][0m SELECT * FROM `docker_services` WHERE (machine_id = 2 AND name = 'frps') AND `docker_services`.`deleted_at` IS NULL ORDER BY `docker_services`.`id` LIMIT 1
[GIN] 2026/05/14 - 16:04:09 | 200 |    845.6371ms |             ::1 | POST     "/api/machines/2/discover-services"
[GIN] 2026/05/14 - 16:04:10 | 200 |    1.0105284s |             ::1 | POST     "/api/machines/1/discover-services"
[GIN] 2026/05/14 - 16:04:10 | 200 |       7.843ms |             ::1 | GET      "/api/machines?page=1&pageSize=10&keyword=&machineType=&status="
[GIN] 2026/05/14 - 16:04:13 | 200 |      6.4782ms |             ::1 | GET      "/api/other-services?machineId=2&page=1&pageSize=100"
[GIN] 2026/05/14 - 16:04:13 | 200 |     11.6586ms |             ::1 | GET      "/api/docker-services?machineId=2&page=1&pageSize=100"
[GIN] 2026/05/14 - 16:04:16 | 200 |     16.1502ms |             ::1 | GET      "/api/machines?page=1&pageSize=200"
[GIN] 2026/05/14 - 16:04:16 | 200 |     23.4149ms |             ::1 | GET      "/api/docker-services?page=1&pageSize=10&keyword=&machineId=&status="
[GIN] 2026/05/14 - 16:04:41 | 200 |     36.6819ms |             ::1 | PUT      "/api/docker-services/6"
[GIN] 2026/05/14 - 16:04:42 | 200 |     27.1086ms |             ::1 | GET      "/api/docker-services?page=1&pageSize=10&keyword=&machineId=&status="
[GIN] 2026/05/14 - 16:04:47 | 200 |     36.6223ms |             ::1 | PUT      "/api/docker-services/6"
[GIN] 2026/05/14 - 16:04:48 | 200 |     15.5069ms |             ::1 | GET      "/api/machines?page=1&pageSize=10&keyword=&machineType=&status="
[GIN] 2026/05/14 - 16:04:49 | 200 |    783.1614ms |             ::1 | POST     "/api/machines/2/discover-services"
[GIN] 2026/05/14 - 16:04:50 | 200 |    606.2306ms |             ::1 | POST     "/api/machines/1/discover-services"
[GIN] 2026/05/14 - 16:04:50 | 200 |      15.211ms |             ::1 | GET      "/api/machines?page=1&pageSize=10&keyword=&machineType=&status="
[GIN] 2026/05/14 - 16:04:52 | 200 |      5.1081ms |             ::1 | GET      "/api/other-services?page=1&pageSize=10&keyword=&machineId=&status="
[GIN] 2026/05/14 - 16:04:52 | 200 |     17.2588ms |             ::1 | GET      "/api/machines?page=1&pageSize=200"
[GIN] 2026/05/14 - 16:04:52 | 200 |     15.3113ms |             ::1 | GET      "/api/machines?page=1&pageSize=200"
[GIN] 2026/05/14 - 16:04:52 | 200 |     22.5519ms |             ::1 | GET      "/api/docker-services?page=1&pageSize=10&keyword=&machineId=&status="
[GIN] 2026/05/14 - 16:04:59 | 200 |     34.6118ms |             ::1 | PUT      "/api/docker-services/6"
[GIN] 2026/05/14 - 16:05:01 | 200 |     17.3036ms |             ::1 | GET      "/api/machines?page=1&pageSize=10&keyword=&machineType=&status="
[GIN] 2026/05/14 - 16:05:02 | 200 |    875.9839ms |             ::1 | POST     "/api/machines/2/discover-services"
[GIN] 2026/05/14 - 16:05:03 | 200 |    633.6193ms |             ::1 | POST     "/api/machines/1/discover-services"
[GIN] 2026/05/14 - 16:05:03 | 200 |     15.1648ms |             ::1 | GET      "/api/machines?page=1&pageSize=10&keyword=&machineType=&status="
[GIN] 2026/05/14 - 16:05:03 | 200 |     18.3462ms |             ::1 | GET      "/api/machines?page=1&pageSize=200"
[GIN] 2026/05/14 - 16:05:03 | 200 |     26.1381ms |             ::1 | GET      "/api/docker-services?page=1&pageSize=10&keyword=&machineId=&status="
[GIN] 2026/05/14 - 16:05:07 | 200 |     19.8846ms |             ::1 | PUT      "/api/docker-services/6"
[GIN] 2026/05/14 - 16:05:17 | 200 |     40.6943ms |             ::1 | PUT      "/api/docker-services/6"
[GIN] 2026/05/14 - 16:05:17 | 200 |     23.9553ms |             ::1 | GET      "/api/docker-services?page=1&pageSize=10&keyword=&machineId=&status="
[GIN] 2026/05/14 - 16:05:30 | 200 |      38.034ms |             ::1 | PUT      "/api/docker-services/6"
[GIN] 2026/05/14 - 16:05:31 | 200 |      24.742ms |             ::1 | GET      "/api/docker-services?page=1&pageSize=10&keyword=&machineId=&status="
[GIN] 2026/05/14 - 16:06:24 | 200 |       6.361ms |             ::1 | GET      "/api/other-services?page=1&pageSize=10&keyword=&machineId=&status="
[GIN] 2026/05/14 - 16:06:24 | 200 |      17.625ms |             ::1 | GET      "/api/machines?page=1&pageSize=200"
[GIN] 2026/05/14 - 16:06:25 | 200 |        3.33ms |             ::1 | GET      "/api/other-services?page=1&pageSize=200"
[GIN] 2026/05/14 - 16:06:25 | 200 |        3.33ms |             ::1 | GET      "/api/egress-methods?page=1&pageSize=10"
[GIN] 2026/05/14 - 16:06:25 | 200 |     13.4974ms |             ::1 | GET      "/api/docker-services?page=1&pageSize=200"
[GIN] 2026/05/14 - 16:06:28 | 200 |     19.0749ms |             ::1 | GET      "/api/machines?page=1&pageSize=200"
[GIN] 2026/05/14 - 16:06:28 | 200 |     26.3873ms |             ::1 | GET      "/api/docker-services?page=1&pageSize=10&keyword=&machineId=&status="
[GIN] 2026/05/14 - 16:06:43 | 200 |      4.6342ms |             ::1 | GET      "/api/other-services?page=1&pageSize=10&keyword=&machineId=&status="
[GIN] 2026/05/14 - 16:06:43 | 200 |     16.6817ms |             ::1 | GET      "/api/machines?page=1&pageSize=200"
[GIN] 2026/05/14 - 16:06:44 | 200 |      5.8943ms |             ::1 | GET      "/api/egress-methods?page=1&pageSize=10"
[GIN] 2026/05/14 - 16:06:44 | 200 |      5.8943ms |             ::1 | GET      "/api/other-services?page=1&pageSize=200"
[GIN] 2026/05/14 - 16:06:44 | 200 |     23.7978ms |             ::1 | GET      "/api/docker-services?page=1&pageSize=200"
[GIN] 2026/05/14 - 16:06:45 | 200 |     10.5334ms |             ::1 | GET      "/api/machines?page=1&pageSize=200"
[GIN] 2026/05/14 - 16:06:45 | 200 |     14.5121ms |             ::1 | GET      "/api/docker-services?page=1&pageSize=10&keyword=&machineId=&status="
[GIN] 2026/05/14 - 16:06:50 | 200 |      6.8958ms |             ::1 | GET      "/api/egress-methods?page=1&pageSize=10"
[GIN] 2026/05/14 - 16:06:50 | 200 |      6.8958ms |             ::1 | GET      "/api/other-services?page=1&pageSize=200"
[GIN] 2026/05/14 - 16:06:50 | 200 |     25.7458ms |             ::1 | GET      "/api/docker-services?page=1&pageSize=200"
[GIN] 2026/05/14 - 16:07:19 | 200 |     38.6995ms |             ::1 | POST     "/api/egress-methods"
[GIN] 2026/05/14 - 16:07:19 | 200 |      9.6208ms |             ::1 | GET      "/api/egress-methods?page=1&pageSize=10"
[GIN] 2026/05/14 - 16:07:44 | 200 |     37.0379ms |             ::1 | PUT      "/api/egress-methods/1"
[GIN] 2026/05/14 - 16:07:44 | 200 |     16.8543ms |             ::1 | GET      "/api/egress-methods?page=1&pageSize=10"
[GIN] 2026/05/14 - 16:08:27 | 200 |     26.3394ms |             ::1 | GET      "/api/docker-services?page=1&pageSize=10&keyword=&machineId=&status="
[GIN] 2026/05/14 - 16:08:27 | 200 |     16.4373ms |             ::1 | GET      "/api/machines?page=1&pageSize=200"
[GIN] 2026/05/14 - 16:08:28 | 200 |     17.3895ms |             ::1 | GET      "/api/machines?page=1&pageSize=10&keyword=&machineType=&status="
[GIN] 2026/05/14 - 16:08:33 | 200 |     15.9504ms |             ::1 | GET      "/api/machines?page=1&pageSize=200"
[GIN] 2026/05/14 - 16:08:33 | 200 |     24.8878ms |             ::1 | GET      "/api/docker-services?page=1&pageSize=10&keyword=&machineId=&status="

2026/05/14 16:08:40 [31;1mC:/Users/Poke/Documents/trae_projects/PokeServiceManage/server/handler/docker_service.go:120 [35;1mError 1048 (23000): Column 'port' cannot be null
[0m[33m[2.555ms] [34;1m[rows:0][0m UPDATE `docker_services` SET `docker_source_ip`='47.104.217.236',`docker_source_port`=NULL,`is_egress`=true,`machine_id`=2,`name`='frps',`port`=NULL,`port_mappings`='[]',`protocol`='TCP',`remark`='',`status`=1,`updated_at`='2026-05-14 16:08:40.689' WHERE `docker_services`.`deleted_at` IS NULL AND `id` = 6
[GIN] 2026/05/14 - 16:08:40 | 200 |      6.6285ms |             ::1 | PUT      "/api/docker-services/6"
[GIN] 2026/05/14 - 16:08:44 | 200 |     35.7498ms |             ::1 | PUT      "/api/docker-services/6"
[GIN] 2026/05/14 - 16:08:44 | 200 |     24.8907ms |             ::1 | GET      "/api/docker-services?page=1&pageSize=10&keyword=&machineId=&status="
[GIN] 2026/05/14 - 16:08:48 | 200 |      6.9096ms |             ::1 | GET      "/api/other-services?page=1&pageSize=10&keyword=&machineId=&status="
[GIN] 2026/05/14 - 16:08:48 | 200 |     17.4565ms |             ::1 | GET      "/api/machines?page=1&pageSize=200"
[GIN] 2026/05/14 - 16:08:48 | 200 |      5.6194ms |             ::1 | GET      "/api/other-services?page=1&pageSize=200"
[GIN] 2026/05/14 - 16:08:48 | 200 |     15.9047ms |             ::1 | GET      "/api/egress-methods?page=1&pageSize=10"
[GIN] 2026/05/14 - 16:08:48 | 200 |     23.8989ms |             ::1 | GET      "/api/docker-services?page=1&pageSize=200"
[GIN] 2026/05/14 - 16:08:49 | 200 |     17.0754ms |             ::1 | GET      "/api/egress-methods?page=1&pageSize=10"
